2025-09-09 22:07:44 | INFO | Sent message to topic 'smoker_csv': {'timestamp': '2025-09-10T03:07:44.297503', 'temperature': 140.4}
2025-09-09 22:07:44 | INFO | Processed JSON message: {'timestamp': '2025-09-10T03:07:44.297503', 'temperature': 140.4}
2025-09-09 22:07:44 | INFO | Rolling window size: 10
2025-09-09 22:07:44 | INFO | Max stall temperature range: 0.2 F
2025-09-09 22:07:45 | INFO | Sent message to topic 'buzzline_json': {'message': 'Data engineering is my passion.', 'author': 'Bob'}
2025-09-09 22:07:45 | INFO | Processed JSON message: {'message': 'Data engineering is my passion.', 'author': 'Bob'}
2025-09-09 22:07:45 | INFO | Message received from author: Bob
2025-09-09 22:07:45 | INFO | Updated author counts: {'Eve': 365, 'Alice': 522, 'Charlie': 322, 'Diana': 585, 'Bob': 370}
2025-09-09 22:07:46 | INFO | Sent message to topic 'buzzline_json': {'message': 'Have a great day!', 'author': 'Diana'}
2025-09-09 22:07:46 | INFO | Processed JSON message: {'message': 'Have a great day!', 'author': 'Diana'}
2025-09-09 22:07:46 | INFO | Message received from author: Diana
2025-09-09 22:07:46 | INFO | Updated author counts: {'Eve': 365, 'Alice': 522, 'Charlie': 322, 'Diana': 586, 'Bob': 370}
2025-09-09 22:07:47 | INFO | Sent message to topic 'buzzline_json': {'message': 'Kafka is awesome.', 'author': 'Alice'}
2025-09-09 22:07:47 | INFO | Processed JSON message: {'message': 'Kafka is awesome.', 'author': 'Alice'}
2025-09-09 22:07:47 | INFO | Message received from author: Alice
2025-09-09 22:07:47 | INFO | Updated author counts: {'Eve': 365, 'Alice': 523, 'Charlie': 322, 'Diana': 586, 'Bob': 370}
2025-09-09 22:07:48 | INFO | Sent message to topic 'buzzline_json': {'message': 'Kafka is awesome.', 'author': 'Eve'}
2025-09-09 22:07:48 | INFO | Processed JSON message: {'message': 'Kafka is awesome.', 'author': 'Eve'}
2025-09-09 22:07:48 | INFO | Message received from author: Eve
2025-09-09 22:07:48 | INFO | Updated author counts: {'Eve': 366, 'Alice': 523, 'Charlie': 322, 'Diana': 586, 'Bob': 370}
2025-09-09 22:07:49 | INFO | Processed JSON message: {'message': 'Have a great day!', 'author': 'Diana'}
2025-09-09 22:07:49 | INFO | Message received from author: Diana
2025-09-09 22:07:49 | INFO | Updated author counts: {'Eve': 366, 'Alice': 523, 'Charlie': 322, 'Diana': 587, 'Bob': 370}
2025-09-09 22:07:49 | INFO | Sent message to topic 'buzzline_json': {'message': 'Have a great day!', 'author': 'Diana'}
2025-09-09 22:07:49 | INFO | Sent message to topic 'smoker_csv': {'timestamp': '2025-09-10T03:07:49.304851', 'temperature': 140.8}
2025-09-09 22:07:49 | INFO | Processed JSON message: {'timestamp': '2025-09-10T03:07:49.304851', 'temperature': 140.8}
2025-09-09 22:07:49 | INFO | Rolling window size: 10
2025-09-09 22:07:49 | INFO | Max stall temperature range: 0.2 F
2025-09-09 22:07:50 | INFO | Sent message to topic 'buzzline_json': {'message': 'Buzz messages for everyone.', 'author': 'Charlie'}
2025-09-09 22:07:50 | INFO | Processed JSON message: {'message': 'Buzz messages for everyone.', 'author': 'Charlie'}
2025-09-09 22:07:50 | INFO | Message received from author: Charlie
2025-09-09 22:07:50 | INFO | Updated author counts: {'Eve': 366, 'Alice': 523, 'Charlie': 323, 'Diana': 587, 'Bob': 370}
2025-09-09 22:07:51 | INFO | Sent message to topic 'buzzline_json': {'message': 'This is a buzz message.', 'author': 'Charlie'}
2025-09-09 22:07:51 | INFO | Processed JSON message: {'message': 'This is a buzz message.', 'author': 'Charlie'}
2025-09-09 22:07:51 | INFO | Message received from author: Charlie
2025-09-09 22:07:51 | INFO | Updated author counts: {'Eve': 366, 'Alice': 523, 'Charlie': 324, 'Diana': 587, 'Bob': 370}
2025-09-09 22:07:52 | INFO | Sent message to topic 'buzzline_json': {'message': 'Streaming data is fun.', 'author': 'Alice'}
2025-09-09 22:07:52 | INFO | Processed JSON message: {'message': 'Streaming data is fun.', 'author': 'Alice'}
2025-09-09 22:07:52 | INFO | Message received from author: Alice
2025-09-09 22:07:52 | INFO | Updated author counts: {'Eve': 366, 'Alice': 524, 'Charlie': 324, 'Diana': 587, 'Bob': 370}
2025-09-09 22:07:53 | INFO | Sent message to topic 'buzzline_json': {'message': 'Hello, Kafka world!', 'author': 'Diana'}
2025-09-09 22:07:53 | INFO | Processed JSON message: {'message': 'Hello, Kafka world!', 'author': 'Diana'}
2025-09-09 22:07:53 | INFO | Message received from author: Diana
2025-09-09 22:07:53 | INFO | Updated author counts: {'Eve': 366, 'Alice': 524, 'Charlie': 324, 'Diana': 588, 'Bob': 370}
2025-09-09 22:07:54 | INFO | Sent message to topic 'buzzline_json': {'message': 'Kafka is awesome.', 'author': 'Bob'}
2025-09-09 22:07:54 | INFO | Processed JSON message: {'message': 'Kafka is awesome.', 'author': 'Bob'}
2025-09-09 22:07:54 | INFO | Message received from author: Bob
2025-09-09 22:07:54 | INFO | Updated author counts: {'Eve': 366, 'Alice': 524, 'Charlie': 324, 'Diana': 588, 'Bob': 371}
2025-09-09 22:07:54 | INFO | Sent message to topic 'smoker_csv': {'timestamp': '2025-09-10T03:07:54.310632', 'temperature': 141.2}
2025-09-09 22:07:54 | INFO | Processed JSON message: {'timestamp': '2025-09-10T03:07:54.310632', 'temperature': 141.2}
2025-09-09 22:07:54 | INFO | Rolling window size: 10
2025-09-09 22:07:54 | INFO | Max stall temperature range: 0.2 F
2025-09-09 22:07:55 | INFO | Sent message to topic 'buzzline_json': {'message': 'I love Python!', 'author': 'Eve'}
2025-09-09 22:07:55 | INFO | Processed JSON message: {'message': 'I love Python!', 'author': 'Eve'}
2025-09-09 22:07:55 | INFO | Message received from author: Eve
2025-09-09 22:07:55 | INFO | Updated author counts: {'Eve': 367, 'Alice': 524, 'Charlie': 324, 'Diana': 588, 'Bob': 371}
2025-09-09 22:07:56 | INFO | Sent message to topic 'buzzline_json': {'message': 'JSON makes life easier.', 'author': 'Charlie'}
2025-09-09 22:07:56 | INFO | Processed JSON message: {'message': 'JSON makes life easier.', 'author': 'Charlie'}
2025-09-09 22:07:56 | INFO | Message received from author: Charlie
2025-09-09 22:07:56 | INFO | Updated author counts: {'Eve': 367, 'Alice': 524, 'Charlie': 325, 'Diana': 588, 'Bob': 371}
2025-09-09 22:07:57 | INFO | Sent message to topic 'buzzline_json': {'message': 'I love Python!', 'author': 'Charlie'}
2025-09-09 22:07:57 | INFO | Processed JSON message: {'message': 'I love Python!', 'author': 'Charlie'}
2025-09-09 22:07:57 | INFO | Message received from author: Charlie
2025-09-09 22:07:57 | INFO | Updated author counts: {'Eve': 367, 'Alice': 524, 'Charlie': 326, 'Diana': 588, 'Bob': 371}
2025-09-09 22:07:58 | INFO | Sent message to topic 'buzzline_json': {'message': 'I love Python!', 'author': 'Charlie'}
2025-09-09 22:07:58 | INFO | Processed JSON message: {'message': 'I love Python!', 'author': 'Charlie'}
2025-09-09 22:07:58 | INFO | Message received from author: Charlie
2025-09-09 22:07:58 | INFO | Updated author counts: {'Eve': 367, 'Alice': 524, 'Charlie': 327, 'Diana': 588, 'Bob': 371}
2025-09-09 22:07:59 | INFO | Sent message to topic 'buzzline_json': {'message': 'I love Python!', 'author': 'Diana'}
2025-09-09 22:07:59 | INFO | Processed JSON message: {'message': 'I love Python!', 'author': 'Diana'}
2025-09-09 22:07:59 | INFO | Message received from author: Diana
2025-09-09 22:07:59 | INFO | Updated author counts: {'Eve': 367, 'Alice': 524, 'Charlie': 327, 'Diana': 589, 'Bob': 371}
2025-09-09 22:07:59 | INFO | Sent message to topic 'smoker_csv': {'timestamp': '2025-09-10T03:07:59.316991', 'temperature': 141.6}
2025-09-09 22:07:59 | INFO | Processed JSON message: {'timestamp': '2025-09-10T03:07:59.316991', 'temperature': 141.6}
2025-09-09 22:07:59 | INFO | Rolling window size: 10
2025-09-09 22:07:59 | INFO | Max stall temperature range: 0.2 F
2025-09-09 22:08:00 | INFO | Sent message to topic 'buzzline_json': {'message': 'Streaming data is fun.', 'author': 'Diana'}
2025-09-09 22:08:00 | INFO | Processed JSON message: {'message': 'Streaming data is fun.', 'author': 'Diana'}
2025-09-09 22:08:00 | INFO | Message received from author: Diana
2025-09-09 22:08:00 | INFO | Updated author counts: {'Eve': 367, 'Alice': 524, 'Charlie': 327, 'Diana': 590, 'Bob': 371}
2025-09-09 22:08:01 | INFO | Sent message to topic 'buzzline_json': {'message': 'Data engineering is my passion.', 'author': 'Eve'}
2025-09-09 22:08:01 | INFO | Processed JSON message: {'message': 'Data engineering is my passion.', 'author': 'Eve'}
2025-09-09 22:08:01 | INFO | Message received from author: Eve
2025-09-09 22:08:01 | INFO | Updated author counts: {'Eve': 368, 'Alice': 524, 'Charlie': 327, 'Diana': 590, 'Bob': 371}
2025-09-09 22:08:02 | INFO | Sent message to topic 'buzzline_json': {'message': 'Buzz messages for everyone.', 'author': 'Eve'}
2025-09-09 22:08:02 | INFO | Processed JSON message: {'message': 'Buzz messages for everyone.', 'author': 'Eve'}
2025-09-09 22:08:02 | INFO | Message received from author: Eve
2025-09-09 22:08:02 | INFO | Updated author counts: {'Eve': 369, 'Alice': 524, 'Charlie': 327, 'Diana': 590, 'Bob': 371}
2025-09-09 22:08:03 | INFO | Sent message to topic 'buzzline_json': {'message': 'JSON makes life easier.', 'author': 'Eve'}
2025-09-09 22:08:03 | INFO | Processed JSON message: {'message': 'JSON makes life easier.', 'author': 'Eve'}
2025-09-09 22:08:03 | INFO | Message received from author: Eve
2025-09-09 22:08:03 | INFO | Updated author counts: {'Eve': 370, 'Alice': 524, 'Charlie': 327, 'Diana': 590, 'Bob': 371}
2025-09-09 22:08:04 | INFO | Sent message to topic 'buzzline_json': {'message': 'Have a great day!', 'author': 'Alice'}
2025-09-09 22:08:04 | INFO | Processed JSON message: {'message': 'Have a great day!', 'author': 'Alice'}
2025-09-09 22:08:04 | INFO | Message received from author: Alice
2025-09-09 22:08:04 | INFO | Updated author counts: {'Eve': 370, 'Alice': 525, 'Charlie': 327, 'Diana': 590, 'Bob': 371}
2025-09-09 22:08:04 | INFO | Sent message to topic 'smoker_csv': {'timestamp': '2025-09-10T03:08:04.321308', 'temperature': 142.0}
2025-09-09 22:08:04 | INFO | Processed JSON message: {'timestamp': '2025-09-10T03:08:04.321308', 'temperature': 142.0}
2025-09-09 22:08:04 | INFO | Rolling window size: 10
2025-09-09 22:08:04 | INFO | Max stall temperature range: 0.2 F
2025-09-09 22:08:05 | INFO | Sent message to topic 'buzzline_json': {'message': 'I love Python!', 'author': 'Bob'}
2025-09-09 22:08:05 | INFO | Processed JSON message: {'message': 'I love Python!', 'author': 'Bob'}
2025-09-09 22:08:05 | INFO | Message received from author: Bob
2025-09-09 22:08:05 | INFO | Updated author counts: {'Eve': 370, 'Alice': 525, 'Charlie': 327, 'Diana': 590, 'Bob': 372}
2025-09-09 22:08:06 | INFO | Sent message to topic 'buzzline_json': {'message': 'I love Python!', 'author': 'Bob'}
2025-09-09 22:08:06 | INFO | Processed JSON message: {'message': 'I love Python!', 'author': 'Bob'}
2025-09-09 22:08:06 | INFO | Message received from author: Bob
2025-09-09 22:08:06 | INFO | Updated author counts: {'Eve': 370, 'Alice': 525, 'Charlie': 327, 'Diana': 590, 'Bob': 373}
2025-09-09 22:08:07 | INFO | Sent message to topic 'buzzline_json': {'message': 'This is a buzz message.', 'author': 'Eve'}
2025-09-09 22:08:07 | INFO | Processed JSON message: {'message': 'This is a buzz message.', 'author': 'Eve'}
2025-09-09 22:08:07 | INFO | Message received from author: Eve
2025-09-09 22:08:07 | INFO | Updated author counts: {'Eve': 371, 'Alice': 525, 'Charlie': 327, 'Diana': 590, 'Bob': 373}
2025-09-09 22:08:08 | INFO | Sent message to topic 'buzzline_json': {'message': 'This is a buzz message.', 'author': 'Alice'}
2025-09-09 22:08:08 | INFO | Processed JSON message: {'message': 'This is a buzz message.', 'author': 'Alice'}
2025-09-09 22:08:08 | INFO | Message received from author: Alice
2025-09-09 22:08:08 | INFO | Updated author counts: {'Eve': 371, 'Alice': 526, 'Charlie': 327, 'Diana': 590, 'Bob': 373}
2025-09-09 22:08:09 | INFO | Sent message to topic 'buzzline_json': {'message': 'Distributed systems are fascinating.', 'author': 'Diana'}
2025-09-09 22:08:09 | INFO | Processed JSON message: {'message': 'Distributed systems are fascinating.', 'author': 'Diana'}
2025-09-09 22:08:09 | INFO | Message received from author: Diana
2025-09-09 22:08:09 | INFO | Updated author counts: {'Eve': 371, 'Alice': 526, 'Charlie': 327, 'Diana': 591, 'Bob': 373}
2025-09-09 22:08:09 | INFO | Sent message to topic 'smoker_csv': {'timestamp': '2025-09-10T03:08:09.325738', 'temperature': 142.2}
2025-09-09 22:08:09 | INFO | Processed JSON message: {'timestamp': '2025-09-10T03:08:09.325738', 'temperature': 142.2}
2025-09-09 22:08:09 | INFO | Rolling window size: 10
2025-09-09 22:08:09 | INFO | Max stall temperature range: 0.2 F
2025-09-09 22:08:10 | INFO | Sent message to topic 'buzzline_json': {'message': 'Streaming data is fun.', 'author': 'Eve'}
2025-09-09 22:08:10 | INFO | Processed JSON message: {'message': 'Streaming data is fun.', 'author': 'Eve'}
2025-09-09 22:08:10 | INFO | Message received from author: Eve
2025-09-09 22:08:10 | INFO | Updated author counts: {'Eve': 372, 'Alice': 526, 'Charlie': 327, 'Diana': 591, 'Bob': 373}
2025-09-09 22:08:11 | INFO | Sent message to topic 'buzzline_json': {'message': 'Have a great day!', 'author': 'Charlie'}
2025-09-09 22:08:11 | INFO | Processed JSON message: {'message': 'Have a great day!', 'author': 'Charlie'}
2025-09-09 22:08:11 | INFO | Message received from author: Charlie
2025-09-09 22:08:11 | INFO | Updated author counts: {'Eve': 372, 'Alice': 526, 'Charlie': 328, 'Diana': 591, 'Bob': 373}
2025-09-09 22:08:12 | INFO | Sent message to topic 'buzzline_json': {'message': 'JSON makes life easier.', 'author': 'Eve'}
2025-09-09 22:08:12 | INFO | Processed JSON message: {'message': 'JSON makes life easier.', 'author': 'Eve'}
2025-09-09 22:08:12 | INFO | Message received from author: Eve
2025-09-09 22:08:12 | INFO | Updated author counts: {'Eve': 373, 'Alice': 526, 'Charlie': 328, 'Diana': 591, 'Bob': 373}
2025-09-09 22:08:13 | INFO | Sent message to topic 'buzzline_json': {'message': 'Buzz messages for everyone.', 'author': 'Diana'}
2025-09-09 22:08:13 | INFO | Processed JSON message: {'message': 'Buzz messages for everyone.', 'author': 'Diana'}
2025-09-09 22:08:13 | INFO | Message received from author: Diana
2025-09-09 22:08:13 | INFO | Updated author counts: {'Eve': 373, 'Alice': 526, 'Charlie': 328, 'Diana': 592, 'Bob': 373}
2025-09-09 22:08:14 | INFO | Sent message to topic 'buzzline_json': {'message': 'This is a buzz message.', 'author': 'Charlie'}
2025-09-09 22:08:14 | INFO | Processed JSON message: {'message': 'This is a buzz message.', 'author': 'Charlie'}
2025-09-09 22:08:14 | INFO | Message received from author: Charlie
2025-09-09 22:08:14 | INFO | Updated author counts: {'Eve': 373, 'Alice': 526, 'Charlie': 329, 'Diana': 592, 'Bob': 373}
2025-09-09 22:08:14 | INFO | Sent message to topic 'smoker_csv': {'timestamp': '2025-09-10T03:08:14.330611', 'temperature': 142.0}
2025-09-09 22:08:14 | INFO | Processed JSON message: {'timestamp': '2025-09-10T03:08:14.330611', 'temperature': 142.0}
2025-09-09 22:08:14 | INFO | Rolling window size: 10
2025-09-09 22:08:14 | INFO | Max stall temperature range: 0.2 F
2025-09-09 22:08:15 | INFO | Sent message to topic 'buzzline_json': {'message': 'Distributed systems are fascinating.', 'author': 'Charlie'}
2025-09-09 22:08:15 | INFO | Processed JSON message: {'message': 'Distributed systems are fascinating.', 'author': 'Charlie'}
2025-09-09 22:08:15 | INFO | Message received from author: Charlie
2025-09-09 22:08:15 | INFO | Updated author counts: {'Eve': 373, 'Alice': 526, 'Charlie': 330, 'Diana': 592, 'Bob': 373}
2025-09-09 22:08:16 | INFO | Sent message to topic 'buzzline_json': {'message': 'Buzz messages for everyone.', 'author': 'Bob'}
2025-09-09 22:08:16 | INFO | Processed JSON message: {'message': 'Buzz messages for everyone.', 'author': 'Bob'}
2025-09-09 22:08:16 | INFO | Message received from author: Bob
2025-09-09 22:08:16 | INFO | Updated author counts: {'Eve': 373, 'Alice': 526, 'Charlie': 330, 'Diana': 592, 'Bob': 374}
2025-09-09 22:08:17 | INFO | Sent message to topic 'buzzline_json': {'message': 'This is a buzz message.', 'author': 'Eve'}
2025-09-09 22:08:17 | INFO | Processed JSON message: {'message': 'This is a buzz message.', 'author': 'Eve'}
2025-09-09 22:08:17 | INFO | Message received from author: Eve
2025-09-09 22:08:17 | INFO | Updated author counts: {'Eve': 374, 'Alice': 526, 'Charlie': 330, 'Diana': 592, 'Bob': 374}
2025-09-09 22:08:18 | INFO | Sent message to topic 'buzzline_json': {'message': 'Data engineering is my passion.', 'author': 'Diana'}
2025-09-09 22:08:18 | INFO | Processed JSON message: {'message': 'Data engineering is my passion.', 'author': 'Diana'}
2025-09-09 22:08:18 | INFO | Message received from author: Diana
2025-09-09 22:08:18 | INFO | Updated author counts: {'Eve': 374, 'Alice': 526, 'Charlie': 330, 'Diana': 593, 'Bob': 374}
2025-09-09 22:08:19 | INFO | Sent message to topic 'buzzline_json': {'message': 'Data engineering is my passion.', 'author': 'Alice'}
2025-09-09 22:08:19 | INFO | Processed JSON message: {'message': 'Data engineering is my passion.', 'author': 'Alice'}
2025-09-09 22:08:19 | INFO | Message received from author: Alice
2025-09-09 22:08:19 | INFO | Updated author counts: {'Eve': 374, 'Alice': 527, 'Charlie': 330, 'Diana': 593, 'Bob': 374}
2025-09-09 22:08:19 | INFO | Sent message to topic 'smoker_csv': {'timestamp': '2025-09-10T03:08:19.333138', 'temperature': 142.2}
2025-09-09 22:08:19 | INFO | Processed JSON message: {'timestamp': '2025-09-10T03:08:19.333138', 'temperature': 142.2}
2025-09-09 22:08:19 | INFO | Rolling window size: 10
2025-09-09 22:08:19 | INFO | Max stall temperature range: 0.2 F
2025-09-09 22:08:20 | INFO | Processed JSON message: {'message': 'Buzz messages for everyone.', 'author': 'Diana'}
2025-09-09 22:08:20 | INFO | Sent message to topic 'buzzline_json': {'message': 'Buzz messages for everyone.', 'author': 'Diana'}
2025-09-09 22:08:20 | INFO | Message received from author: Diana
2025-09-09 22:08:20 | INFO | Updated author counts: {'Eve': 374, 'Alice': 527, 'Charlie': 330, 'Diana': 594, 'Bob': 374}
2025-09-09 22:08:21 | INFO | Sent message to topic 'buzzline_json': {'message': 'JSON makes life easier.', 'author': 'Alice'}
2025-09-09 22:08:21 | INFO | Processed JSON message: {'message': 'JSON makes life easier.', 'author': 'Alice'}
2025-09-09 22:08:21 | INFO | Message received from author: Alice
2025-09-09 22:08:21 | INFO | Updated author counts: {'Eve': 374, 'Alice': 528, 'Charlie': 330, 'Diana': 594, 'Bob': 374}
2025-09-09 22:08:22 | INFO | Opening data file in read mode: PROJECT_ROOT/data/buzz.json
2025-09-09 22:08:22 | INFO | Reading data from file: PROJECT_ROOT/data/buzz.json
2025-09-09 22:08:22 | INFO | Sent message to topic 'buzzline_json': {'message': 'Data engineering is my passion.', 'author': 'Eve'}
2025-09-09 22:08:22 | INFO | Processed JSON message: {'message': 'Data engineering is my passion.', 'author': 'Eve'}
2025-09-09 22:08:22 | INFO | Message received from author: Eve
2025-09-09 22:08:22 | INFO | Updated author counts: {'Eve': 375, 'Alice': 528, 'Charlie': 330, 'Diana': 594, 'Bob': 374}
2025-09-09 22:08:23 | INFO | Sent message to topic 'buzzline_json': {'message': 'Distributed systems are fascinating.', 'author': 'Alice'}
2025-09-09 22:08:23 | INFO | Processed JSON message: {'message': 'Distributed systems are fascinating.', 'author': 'Alice'}
2025-09-09 22:08:23 | INFO | Message received from author: Alice
2025-09-09 22:08:23 | INFO | Updated author counts: {'Eve': 375, 'Alice': 529, 'Charlie': 330, 'Diana': 594, 'Bob': 374}
2025-09-09 22:08:24 | INFO | Sent message to topic 'buzzline_json': {'message': 'Have a great day!', 'author': 'Charlie'}
2025-09-09 22:08:24 | INFO | Processed JSON message: {'message': 'Have a great day!', 'author': 'Charlie'}
2025-09-09 22:08:24 | INFO | Message received from author: Charlie
2025-09-09 22:08:24 | INFO | Updated author counts: {'Eve': 375, 'Alice': 529, 'Charlie': 331, 'Diana': 594, 'Bob': 374}
2025-09-09 22:08:24 | INFO | Sent message to topic 'smoker_csv': {'timestamp': '2025-09-10T03:08:24.335231', 'temperature': 142.0}
2025-09-09 22:08:24 | INFO | Processed JSON message: {'timestamp': '2025-09-10T03:08:24.335231', 'temperature': 142.0}
2025-09-09 22:08:24 | INFO | Rolling window size: 10
2025-09-09 22:08:24 | INFO | Max stall temperature range: 0.2 F
2025-09-09 22:08:25 | INFO | Sent message to topic 'buzzline_json': {'message': 'Data engineering is my passion.', 'author': 'Alice'}
2025-09-09 22:08:25 | INFO | Processed JSON message: {'message': 'Data engineering is my passion.', 'author': 'Alice'}
2025-09-09 22:08:25 | INFO | Message received from author: Alice
2025-09-09 22:08:25 | INFO | Updated author counts: {'Eve': 375, 'Alice': 530, 'Charlie': 331, 'Diana': 594, 'Bob': 374}
2025-09-09 22:08:26 | INFO | Sent message to topic 'buzzline_json': {'message': 'Distributed systems are fascinating.', 'author': 'Diana'}
2025-09-09 22:08:26 | INFO | Processed JSON message: {'message': 'Distributed systems are fascinating.', 'author': 'Diana'}
2025-09-09 22:08:26 | INFO | Message received from author: Diana
2025-09-09 22:08:26 | INFO | Updated author counts: {'Eve': 375, 'Alice': 530, 'Charlie': 331, 'Diana': 595, 'Bob': 374}
2025-09-09 22:08:27 | INFO | Sent message to topic 'buzzline_json': {'message': 'Buzz messages for everyone.', 'author': 'Alice'}
2025-09-09 22:08:27 | INFO | Processed JSON message: {'message': 'Buzz messages for everyone.', 'author': 'Alice'}
2025-09-09 22:08:27 | INFO | Message received from author: Alice
2025-09-09 22:08:27 | INFO | Updated author counts: {'Eve': 375, 'Alice': 531, 'Charlie': 331, 'Diana': 595, 'Bob': 374}
2025-09-09 22:08:28 | INFO | Sent message to topic 'buzzline_json': {'message': 'Hello, Kafka world!', 'author': 'Diana'}
2025-09-09 22:08:28 | INFO | Processed JSON message: {'message': 'Hello, Kafka world!', 'author': 'Diana'}
2025-09-09 22:08:28 | INFO | Message received from author: Diana
2025-09-09 22:08:28 | INFO | Updated author counts: {'Eve': 375, 'Alice': 531, 'Charlie': 331, 'Diana': 596, 'Bob': 374}
2025-09-09 22:08:29 | INFO | Sent message to topic 'buzzline_json': {'message': 'This is a buzz message.', 'author': 'Eve'}
2025-09-09 22:08:29 | INFO | Processed JSON message: {'message': 'This is a buzz message.', 'author': 'Eve'}
2025-09-09 22:08:29 | INFO | Message received from author: Eve
2025-09-09 22:08:29 | INFO | Updated author counts: {'Eve': 376, 'Alice': 531, 'Charlie': 331, 'Diana': 596, 'Bob': 374}
2025-09-09 22:08:29 | INFO | Sent message to topic 'smoker_csv': {'timestamp': '2025-09-10T03:08:29.337544', 'temperature': 142.2}
2025-09-09 22:08:29 | INFO | Processed JSON message: {'timestamp': '2025-09-10T03:08:29.337544', 'temperature': 142.2}
2025-09-09 22:08:29 | INFO | Rolling window size: 10
2025-09-09 22:08:29 | INFO | Max stall temperature range: 0.2 F
2025-09-09 22:08:30 | INFO | Sent message to topic 'buzzline_json': {'message': 'JSON makes life easier.', 'author': 'Eve'}
2025-09-09 22:08:30 | INFO | Processed JSON message: {'message': 'JSON makes life easier.', 'author': 'Eve'}
2025-09-09 22:08:30 | INFO | Message received from author: Eve
2025-09-09 22:08:30 | INFO | Updated author counts: {'Eve': 377, 'Alice': 531, 'Charlie': 331, 'Diana': 596, 'Bob': 374}
2025-09-09 22:08:31 | INFO | Sent message to topic 'buzzline_json': {'message': 'JSON makes life easier.', 'author': 'Alice'}
2025-09-09 22:08:31 | INFO | Processed JSON message: {'message': 'JSON makes life easier.', 'author': 'Alice'}
2025-09-09 22:08:31 | INFO | Message received from author: Alice
2025-09-09 22:08:31 | INFO | Updated author counts: {'Eve': 377, 'Alice': 532, 'Charlie': 331, 'Diana': 596, 'Bob': 374}
2025-09-09 22:08:32 | INFO | Sent message to topic 'buzzline_json': {'message': 'Data engineering is my passion.', 'author': 'Diana'}
2025-09-09 22:08:32 | INFO | Processed JSON message: {'message': 'Data engineering is my passion.', 'author': 'Diana'}
2025-09-09 22:08:32 | INFO | Message received from author: Diana
2025-09-09 22:08:32 | INFO | Updated author counts: {'Eve': 377, 'Alice': 532, 'Charlie': 331, 'Diana': 597, 'Bob': 374}
2025-09-09 22:08:33 | INFO | Sent message to topic 'buzzline_json': {'message': 'JSON makes life easier.', 'author': 'Diana'}
2025-09-09 22:08:33 | INFO | Processed JSON message: {'message': 'JSON makes life easier.', 'author': 'Diana'}
2025-09-09 22:08:33 | INFO | Message received from author: Diana
2025-09-09 22:08:33 | INFO | Updated author counts: {'Eve': 377, 'Alice': 532, 'Charlie': 331, 'Diana': 598, 'Bob': 374}
2025-09-09 22:08:34 | INFO | Sent message to topic 'buzzline_json': {'message': 'Kafka is awesome.', 'author': 'Charlie'}
2025-09-09 22:08:34 | INFO | Processed JSON message: {'message': 'Kafka is awesome.', 'author': 'Charlie'}
2025-09-09 22:08:34 | INFO | Message received from author: Charlie
2025-09-09 22:08:34 | INFO | Updated author counts: {'Eve': 377, 'Alice': 532, 'Charlie': 332, 'Diana': 598, 'Bob': 374}
2025-09-09 22:08:34 | INFO | Sent message to topic 'smoker_csv': {'timestamp': '2025-09-10T03:08:34.343764', 'temperature': 142.0}
2025-09-09 22:08:34 | INFO | Processed JSON message: {'timestamp': '2025-09-10T03:08:34.343764', 'temperature': 142.0}
2025-09-09 22:08:34 | INFO | Rolling window size: 10
2025-09-09 22:08:34 | INFO | Max stall temperature range: 0.2 F
2025-09-09 22:08:35 | INFO | Sent message to topic 'buzzline_json': {'message': 'JSON makes life easier.', 'author': 'Bob'}
2025-09-09 22:08:35 | INFO | Processed JSON message: {'message': 'JSON makes life easier.', 'author': 'Bob'}
2025-09-09 22:08:35 | INFO | Message received from author: Bob
2025-09-09 22:08:35 | INFO | Updated author counts: {'Eve': 377, 'Alice': 532, 'Charlie': 332, 'Diana': 598, 'Bob': 375}
2025-09-09 22:08:36 | INFO | Sent message to topic 'buzzline_json': {'message': 'I love Python!', 'author': 'Bob'}
2025-09-09 22:08:36 | INFO | Processed JSON message: {'message': 'I love Python!', 'author': 'Bob'}
2025-09-09 22:08:36 | INFO | Message received from author: Bob
2025-09-09 22:08:36 | INFO | Updated author counts: {'Eve': 377, 'Alice': 532, 'Charlie': 332, 'Diana': 598, 'Bob': 376}
2025-09-09 22:08:37 | INFO | Sent message to topic 'buzzline_json': {'message': 'This is a buzz message.', 'author': 'Eve'}
2025-09-09 22:08:37 | INFO | Processed JSON message: {'message': 'This is a buzz message.', 'author': 'Eve'}
2025-09-09 22:08:37 | INFO | Message received from author: Eve
2025-09-09 22:08:37 | INFO | Updated author counts: {'Eve': 378, 'Alice': 532, 'Charlie': 332, 'Diana': 598, 'Bob': 376}
2025-09-09 22:08:38 | INFO | Sent message to topic 'buzzline_json': {'message': 'I love Python!', 'author': 'Eve'}
2025-09-09 22:08:38 | INFO | Processed JSON message: {'message': 'I love Python!', 'author': 'Eve'}
2025-09-09 22:08:38 | INFO | Message received from author: Eve
2025-09-09 22:08:38 | INFO | Updated author counts: {'Eve': 379, 'Alice': 532, 'Charlie': 332, 'Diana': 598, 'Bob': 376}
2025-09-09 22:08:39 | INFO | Sent message to topic 'buzzline_json': {'message': 'Buzz messages for everyone.', 'author': 'Alice'}
2025-09-09 22:08:39 | INFO | Processed JSON message: {'message': 'Buzz messages for everyone.', 'author': 'Alice'}
2025-09-09 22:08:39 | INFO | Message received from author: Alice
2025-09-09 22:08:39 | INFO | Updated author counts: {'Eve': 379, 'Alice': 533, 'Charlie': 332, 'Diana': 598, 'Bob': 376}
2025-09-09 22:08:39 | INFO | Sent message to topic 'smoker_csv': {'timestamp': '2025-09-10T03:08:39.344959', 'temperature': 142.2}
2025-09-09 22:08:39 | INFO | Processed JSON message: {'timestamp': '2025-09-10T03:08:39.344959', 'temperature': 142.2}
2025-09-09 22:08:39 | INFO | Rolling window size: 10
2025-09-09 22:08:39 | INFO | Max stall temperature range: 0.2 F
2025-09-09 22:08:40 | INFO | Sent message to topic 'buzzline_json': {'message': 'This is a buzz message.', 'author': 'Alice'}
2025-09-09 22:08:40 | INFO | Processed JSON message: {'message': 'This is a buzz message.', 'author': 'Alice'}
2025-09-09 22:08:40 | INFO | Message received from author: Alice
2025-09-09 22:08:40 | INFO | Updated author counts: {'Eve': 379, 'Alice': 534, 'Charlie': 332, 'Diana': 598, 'Bob': 376}
2025-09-09 22:08:41 | INFO | Sent message to topic 'buzzline_json': {'message': 'Data engineering is my passion.', 'author': 'Diana'}
2025-09-09 22:08:41 | INFO | Processed JSON message: {'message': 'Data engineering is my passion.', 'author': 'Diana'}
2025-09-09 22:08:41 | INFO | Message received from author: Diana
2025-09-09 22:08:41 | INFO | Updated author counts: {'Eve': 379, 'Alice': 534, 'Charlie': 332, 'Diana': 599, 'Bob': 376}
2025-09-09 22:08:42 | INFO | Sent message to topic 'buzzline_json': {'message': 'I love Python!', 'author': 'Eve'}
2025-09-09 22:08:42 | INFO | Processed JSON message: {'message': 'I love Python!', 'author': 'Eve'}
2025-09-09 22:08:42 | INFO | Message received from author: Eve
2025-09-09 22:08:42 | INFO | Updated author counts: {'Eve': 380, 'Alice': 534, 'Charlie': 332, 'Diana': 599, 'Bob': 376}
2025-09-09 22:08:43 | INFO | Sent message to topic 'buzzline_json': {'message': 'JSON makes life easier.', 'author': 'Charlie'}
2025-09-09 22:08:43 | INFO | Processed JSON message: {'message': 'JSON makes life easier.', 'author': 'Charlie'}
2025-09-09 22:08:43 | INFO | Message received from author: Charlie
2025-09-09 22:08:43 | INFO | Updated author counts: {'Eve': 380, 'Alice': 534, 'Charlie': 333, 'Diana': 599, 'Bob': 376}
2025-09-09 22:08:44 | INFO | Sent message to topic 'buzzline_json': {'message': 'Have a great day!', 'author': 'Bob'}
2025-09-09 22:08:44 | INFO | Processed JSON message: {'message': 'Have a great day!', 'author': 'Bob'}
2025-09-09 22:08:44 | INFO | Message received from author: Bob
2025-09-09 22:08:44 | INFO | Updated author counts: {'Eve': 380, 'Alice': 534, 'Charlie': 333, 'Diana': 599, 'Bob': 377}
2025-09-09 22:08:44 | INFO | Sent message to topic 'smoker_csv': {'timestamp': '2025-09-10T03:08:44.349766', 'temperature': 142.0}
2025-09-09 22:08:44 | INFO | Processed JSON message: {'timestamp': '2025-09-10T03:08:44.349766', 'temperature': 142.0}
2025-09-09 22:08:44 | INFO | Rolling window size: 10
2025-09-09 22:08:44 | INFO | Max stall temperature range: 0.2 F
2025-09-09 22:08:45 | INFO | Sent message to topic 'buzzline_json': {'message': 'Data engineering is my passion.', 'author': 'Alice'}
2025-09-09 22:08:45 | INFO | Processed JSON message: {'message': 'Data engineering is my passion.', 'author': 'Alice'}
2025-09-09 22:08:45 | INFO | Message received from author: Alice
2025-09-09 22:08:45 | INFO | Updated author counts: {'Eve': 380, 'Alice': 535, 'Charlie': 333, 'Diana': 599, 'Bob': 377}
2025-09-09 22:08:46 | INFO | Sent message to topic 'buzzline_json': {'message': 'Kafka is awesome.', 'author': 'Diana'}
2025-09-09 22:08:46 | INFO | Processed JSON message: {'message': 'Kafka is awesome.', 'author': 'Diana'}
2025-09-09 22:08:46 | INFO | Message received from author: Diana
2025-09-09 22:08:46 | INFO | Updated author counts: {'Eve': 380, 'Alice': 535, 'Charlie': 333, 'Diana': 600, 'Bob': 377}
2025-09-09 22:08:47 | INFO | Sent message to topic 'buzzline_json': {'message': 'Kafka is awesome.', 'author': 'Diana'}
2025-09-09 22:08:47 | INFO | Processed JSON message: {'message': 'Kafka is awesome.', 'author': 'Diana'}
2025-09-09 22:08:47 | INFO | Message received from author: Diana
2025-09-09 22:08:47 | INFO | Updated author counts: {'Eve': 380, 'Alice': 535, 'Charlie': 333, 'Diana': 601, 'Bob': 377}
2025-09-09 22:08:48 | INFO | Sent message to topic 'buzzline_json': {'message': 'Hello, Kafka world!', 'author': 'Bob'}
2025-09-09 22:08:48 | INFO | Processed JSON message: {'message': 'Hello, Kafka world!', 'author': 'Bob'}
2025-09-09 22:08:48 | INFO | Message received from author: Bob
2025-09-09 22:08:48 | INFO | Updated author counts: {'Eve': 380, 'Alice': 535, 'Charlie': 333, 'Diana': 601, 'Bob': 378}
2025-09-09 22:08:49 | INFO | Sent message to topic 'buzzline_json': {'message': 'Distributed systems are fascinating.', 'author': 'Diana'}
2025-09-09 22:08:49 | INFO | Processed JSON message: {'message': 'Distributed systems are fascinating.', 'author': 'Diana'}
2025-09-09 22:08:49 | INFO | Message received from author: Diana
2025-09-09 22:08:49 | INFO | Updated author counts: {'Eve': 380, 'Alice': 535, 'Charlie': 333, 'Diana': 602, 'Bob': 378}
2025-09-09 22:08:49 | INFO | Sent message to topic 'smoker_csv': {'timestamp': '2025-09-10T03:08:49.353450', 'temperature': 142.2}
2025-09-09 22:08:49 | INFO | Processed JSON message: {'timestamp': '2025-09-10T03:08:49.353450', 'temperature': 142.2}
2025-09-09 22:08:49 | INFO | Rolling window size: 10
2025-09-09 22:08:49 | INFO | Max stall temperature range: 0.2 F
2025-09-09 22:08:49 | INFO | STALL DETECTED at 2025-09-10T03:08:49.353450: Temp stable at 142.2°F over last 10 readings.
2025-09-09 22:08:50 | INFO | Sent message to topic 'buzzline_json': {'message': 'I love Python!', 'author': 'Diana'}
2025-09-09 22:08:50 | INFO | Processed JSON message: {'message': 'I love Python!', 'author': 'Diana'}
2025-09-09 22:08:50 | INFO | Message received from author: Diana
2025-09-09 22:08:50 | INFO | Updated author counts: {'Eve': 380, 'Alice': 535, 'Charlie': 333, 'Diana': 603, 'Bob': 378}
2025-09-09 22:08:51 | INFO | Sent message to topic 'buzzline_json': {'message': 'Have a great day!', 'author': 'Alice'}
2025-09-09 22:08:51 | INFO | Processed JSON message: {'message': 'Have a great day!', 'author': 'Alice'}
2025-09-09 22:08:51 | INFO | Message received from author: Alice
2025-09-09 22:08:51 | INFO | Updated author counts: {'Eve': 380, 'Alice': 536, 'Charlie': 333, 'Diana': 603, 'Bob': 378}
2025-09-09 22:08:52 | INFO | Sent message to topic 'buzzline_json': {'message': 'Hello, Kafka world!', 'author': 'Charlie'}
2025-09-09 22:08:52 | INFO | Processed JSON message: {'message': 'Hello, Kafka world!', 'author': 'Charlie'}
2025-09-09 22:08:52 | INFO | Message received from author: Charlie
2025-09-09 22:08:52 | INFO | Updated author counts: {'Eve': 380, 'Alice': 536, 'Charlie': 334, 'Diana': 603, 'Bob': 378}
2025-09-09 22:08:53 | INFO | Sent message to topic 'buzzline_json': {'message': 'JSON makes life easier.', 'author': 'Diana'}
2025-09-09 22:08:53 | INFO | Processed JSON message: {'message': 'JSON makes life easier.', 'author': 'Diana'}
2025-09-09 22:08:53 | INFO | Message received from author: Diana
2025-09-09 22:08:53 | INFO | Updated author counts: {'Eve': 380, 'Alice': 536, 'Charlie': 334, 'Diana': 604, 'Bob': 378}
2025-09-09 22:08:54 | INFO | Sent message to topic 'buzzline_json': {'message': 'I love Python!', 'author': 'Bob'}
2025-09-09 22:08:54 | INFO | Processed JSON message: {'message': 'I love Python!', 'author': 'Bob'}
2025-09-09 22:08:54 | INFO | Message received from author: Bob
2025-09-09 22:08:54 | INFO | Updated author counts: {'Eve': 380, 'Alice': 536, 'Charlie': 334, 'Diana': 604, 'Bob': 379}
2025-09-09 22:08:54 | INFO | Sent message to topic 'smoker_csv': {'timestamp': '2025-09-10T03:08:54.357410', 'temperature': 142.0}
2025-09-09 22:08:54 | INFO | Processed JSON message: {'timestamp': '2025-09-10T03:08:54.357410', 'temperature': 142.0}
2025-09-09 22:08:54 | INFO | Rolling window size: 10
2025-09-09 22:08:54 | INFO | Max stall temperature range: 0.2 F
2025-09-09 22:08:54 | INFO | STALL DETECTED at 2025-09-10T03:08:54.357410: Temp stable at 142.0°F over last 10 readings.
2025-09-09 22:08:55 | INFO | Sent message to topic 'buzzline_json': {'message': 'Have a great day!', 'author': 'Diana'}
2025-09-09 22:08:55 | INFO | Processed JSON message: {'message': 'Have a great day!', 'author': 'Diana'}
2025-09-09 22:08:55 | INFO | Message received from author: Diana
2025-09-09 22:08:55 | INFO | Updated author counts: {'Eve': 380, 'Alice': 536, 'Charlie': 334, 'Diana': 605, 'Bob': 379}
2025-09-09 22:08:56 | INFO | Sent message to topic 'buzzline_json': {'message': 'Hello, Kafka world!', 'author': 'Alice'}
2025-09-09 22:08:56 | INFO | Processed JSON message: {'message': 'Hello, Kafka world!', 'author': 'Alice'}
2025-09-09 22:08:56 | INFO | Message received from author: Alice
2025-09-09 22:08:56 | INFO | Updated author counts: {'Eve': 380, 'Alice': 537, 'Charlie': 334, 'Diana': 605, 'Bob': 379}
2025-09-09 22:08:57 | INFO | Sent message to topic 'buzzline_json': {'message': 'JSON makes life easier.', 'author': 'Alice'}
2025-09-09 22:08:57 | INFO | Processed JSON message: {'message': 'JSON makes life easier.', 'author': 'Alice'}
2025-09-09 22:08:57 | INFO | Message received from author: Alice
2025-09-09 22:08:57 | INFO | Updated author counts: {'Eve': 380, 'Alice': 538, 'Charlie': 334, 'Diana': 605, 'Bob': 379}
2025-09-09 22:08:58 | INFO | Sent message to topic 'buzzline_json': {'message': 'Buzz messages for everyone.', 'author': 'Charlie'}
2025-09-09 22:08:58 | INFO | Processed JSON message: {'message': 'Buzz messages for everyone.', 'author': 'Charlie'}
2025-09-09 22:08:58 | INFO | Message received from author: Charlie
2025-09-09 22:08:58 | INFO | Updated author counts: {'Eve': 380, 'Alice': 538, 'Charlie': 335, 'Diana': 605, 'Bob': 379}
2025-09-09 22:08:59 | INFO | Sent message to topic 'buzzline_json': {'message': 'Buzz messages for everyone.', 'author': 'Bob'}
2025-09-09 22:08:59 | INFO | Processed JSON message: {'message': 'Buzz messages for everyone.', 'author': 'Bob'}
2025-09-09 22:08:59 | INFO | Message received from author: Bob
2025-09-09 22:08:59 | INFO | Updated author counts: {'Eve': 380, 'Alice': 538, 'Charlie': 335, 'Diana': 605, 'Bob': 380}
2025-09-09 22:08:59 | INFO | Sent message to topic 'smoker_csv': {'timestamp': '2025-09-10T03:08:59.360957', 'temperature': 142.2}
2025-09-09 22:08:59 | INFO | Processed JSON message: {'timestamp': '2025-09-10T03:08:59.360957', 'temperature': 142.2}
2025-09-09 22:08:59 | INFO | Rolling window size: 10
2025-09-09 22:08:59 | INFO | Max stall temperature range: 0.2 F
2025-09-09 22:08:59 | INFO | STALL DETECTED at 2025-09-10T03:08:59.360957: Temp stable at 142.2°F over last 10 readings.
2025-09-09 22:09:00 | INFO | Sent message to topic 'buzzline_json': {'message': 'Streaming data is fun.', 'author': 'Diana'}
2025-09-09 22:09:00 | INFO | Processed JSON message: {'message': 'Streaming data is fun.', 'author': 'Diana'}
2025-09-09 22:09:00 | INFO | Message received from author: Diana
2025-09-09 22:09:00 | INFO | Updated author counts: {'Eve': 380, 'Alice': 538, 'Charlie': 335, 'Diana': 606, 'Bob': 380}
2025-09-09 22:09:01 | INFO | Sent message to topic 'buzzline_json': {'message': 'Have a great day!', 'author': 'Diana'}
2025-09-09 22:09:01 | INFO | Processed JSON message: {'message': 'Have a great day!', 'author': 'Diana'}
2025-09-09 22:09:01 | INFO | Message received from author: Diana
2025-09-09 22:09:01 | INFO | Updated author counts: {'Eve': 380, 'Alice': 538, 'Charlie': 335, 'Diana': 607, 'Bob': 380}
2025-09-09 22:09:02 | INFO | Sent message to topic 'buzzline_json': {'message': 'I love Python!', 'author': 'Alice'}
2025-09-09 22:09:02 | INFO | Processed JSON message: {'message': 'I love Python!', 'author': 'Alice'}
2025-09-09 22:09:02 | INFO | Message received from author: Alice
2025-09-09 22:09:02 | INFO | Updated author counts: {'Eve': 380, 'Alice': 539, 'Charlie': 335, 'Diana': 607, 'Bob': 380}
2025-09-09 22:09:03 | INFO | Sent message to topic 'buzzline_json': {'message': 'Streaming data is fun.', 'author': 'Charlie'}
2025-09-09 22:09:03 | INFO | Processed JSON message: {'message': 'Streaming data is fun.', 'author': 'Charlie'}
2025-09-09 22:09:03 | INFO | Message received from author: Charlie
2025-09-09 22:09:03 | INFO | Updated author counts: {'Eve': 380, 'Alice': 539, 'Charlie': 336, 'Diana': 607, 'Bob': 380}
2025-09-09 22:09:04 | INFO | Sent message to topic 'buzzline_json': {'message': 'Kafka is awesome.', 'author': 'Alice'}
2025-09-09 22:09:04 | INFO | Processed JSON message: {'message': 'Kafka is awesome.', 'author': 'Alice'}
2025-09-09 22:09:04 | INFO | Message received from author: Alice
2025-09-09 22:09:04 | INFO | Updated author counts: {'Eve': 380, 'Alice': 540, 'Charlie': 336, 'Diana': 607, 'Bob': 380}
2025-09-09 22:09:04 | INFO | Sent message to topic 'smoker_csv': {'timestamp': '2025-09-10T03:09:04.364227', 'temperature': 142.0}
2025-09-09 22:09:04 | INFO | Processed JSON message: {'timestamp': '2025-09-10T03:09:04.364227', 'temperature': 142.0}
2025-09-09 22:09:04 | INFO | Rolling window size: 10
2025-09-09 22:09:04 | INFO | Max stall temperature range: 0.2 F
2025-09-09 22:09:04 | INFO | STALL DETECTED at 2025-09-10T03:09:04.364227: Temp stable at 142.0°F over last 10 readings.
2025-09-09 22:09:05 | INFO | Sent message to topic 'buzzline_json': {'message': 'Kafka is awesome.', 'author': 'Diana'}
2025-09-09 22:09:05 | INFO | Processed JSON message: {'message': 'Kafka is awesome.', 'author': 'Diana'}
2025-09-09 22:09:05 | INFO | Message received from author: Diana
2025-09-09 22:09:05 | INFO | Updated author counts: {'Eve': 380, 'Alice': 540, 'Charlie': 336, 'Diana': 608, 'Bob': 380}
2025-09-09 22:09:06 | INFO | Sent message to topic 'buzzline_json': {'message': 'Kafka is awesome.', 'author': 'Alice'}
2025-09-09 22:09:06 | INFO | Processed JSON message: {'message': 'Kafka is awesome.', 'author': 'Alice'}
2025-09-09 22:09:06 | INFO | Message received from author: Alice
2025-09-09 22:09:06 | INFO | Updated author counts: {'Eve': 380, 'Alice': 541, 'Charlie': 336, 'Diana': 608, 'Bob': 380}
2025-09-09 22:09:07 | INFO | Sent message to topic 'buzzline_json': {'message': 'JSON makes life easier.', 'author': 'Bob'}
2025-09-09 22:09:07 | INFO | Processed JSON message: {'message': 'JSON makes life easier.', 'author': 'Bob'}
2025-09-09 22:09:07 | INFO | Message received from author: Bob
2025-09-09 22:09:07 | INFO | Updated author counts: {'Eve': 380, 'Alice': 541, 'Charlie': 336, 'Diana': 608, 'Bob': 381}
2025-09-09 22:09:08 | INFO | Sent message to topic 'buzzline_json': {'message': 'This is a buzz message.', 'author': 'Bob'}
2025-09-09 22:09:08 | INFO | Processed JSON message: {'message': 'This is a buzz message.', 'author': 'Bob'}
2025-09-09 22:09:08 | INFO | Message received from author: Bob
2025-09-09 22:09:08 | INFO | Updated author counts: {'Eve': 380, 'Alice': 541, 'Charlie': 336, 'Diana': 608, 'Bob': 382}
2025-09-09 22:09:09 | INFO | Sent message to topic 'buzzline_json': {'message': 'Streaming data is fun.', 'author': 'Diana'}
2025-09-09 22:09:09 | INFO | Sent message to topic 'smoker_csv': {'timestamp': '2025-09-10T03:09:09.366562', 'temperature': 142.2}
2025-09-09 22:09:09 | INFO | Processed JSON message: {'message': 'Streaming data is fun.', 'author': 'Diana'}
2025-09-09 22:09:09 | INFO | Processed JSON message: {'timestamp': '2025-09-10T03:09:09.366562', 'temperature': 142.2}
2025-09-09 22:09:09 | INFO | Message received from author: Diana
2025-09-09 22:09:09 | INFO | Rolling window size: 10
2025-09-09 22:09:09 | INFO | Updated author counts: {'Eve': 380, 'Alice': 541, 'Charlie': 336, 'Diana': 609, 'Bob': 382}
2025-09-09 22:09:09 | INFO | Max stall temperature range: 0.2 F
2025-09-09 22:09:09 | INFO | STALL DETECTED at 2025-09-10T03:09:09.366562: Temp stable at 142.2°F over last 10 readings.
2025-09-09 22:09:10 | INFO | Sent message to topic 'buzzline_json': {'message': 'Have a great day!', 'author': 'Bob'}
2025-09-09 22:09:10 | INFO | Processed JSON message: {'message': 'Have a great day!', 'author': 'Bob'}
2025-09-09 22:09:10 | INFO | Message received from author: Bob
2025-09-09 22:09:10 | INFO | Updated author counts: {'Eve': 380, 'Alice': 541, 'Charlie': 336, 'Diana': 609, 'Bob': 383}
2025-09-09 22:09:11 | INFO | Sent message to topic 'buzzline_json': {'message': 'This is a buzz message.', 'author': 'Eve'}
2025-09-09 22:09:11 | INFO | Processed JSON message: {'message': 'This is a buzz message.', 'author': 'Eve'}
2025-09-09 22:09:11 | INFO | Message received from author: Eve
2025-09-09 22:09:11 | INFO | Updated author counts: {'Eve': 381, 'Alice': 541, 'Charlie': 336, 'Diana': 609, 'Bob': 383}
2025-09-09 22:09:12 | INFO | Sent message to topic 'buzzline_json': {'message': 'Hello, Kafka world!', 'author': 'Bob'}
2025-09-09 22:09:12 | INFO | Processed JSON message: {'message': 'Hello, Kafka world!', 'author': 'Bob'}
2025-09-09 22:09:12 | INFO | Message received from author: Bob
2025-09-09 22:09:12 | INFO | Updated author counts: {'Eve': 381, 'Alice': 541, 'Charlie': 336, 'Diana': 609, 'Bob': 384}
2025-09-09 22:09:13 | INFO | Sent message to topic 'buzzline_json': {'message': 'This is a buzz message.', 'author': 'Alice'}
2025-09-09 22:09:13 | INFO | Processed JSON message: {'message': 'This is a buzz message.', 'author': 'Alice'}
2025-09-09 22:09:13 | INFO | Message received from author: Alice
2025-09-09 22:09:13 | INFO | Updated author counts: {'Eve': 381, 'Alice': 542, 'Charlie': 336, 'Diana': 609, 'Bob': 384}
2025-09-09 22:09:14 | INFO | Sent message to topic 'smoker_csv': {'timestamp': '2025-09-10T03:09:14.375124', 'temperature': 142.0}
2025-09-09 22:09:14 | INFO | Processed JSON message: {'timestamp': '2025-09-10T03:09:14.375124', 'temperature': 142.0}
2025-09-09 22:09:14 | INFO | Rolling window size: 10
2025-09-09 22:09:14 | INFO | Max stall temperature range: 0.2 F
2025-09-09 22:09:14 | INFO | STALL DETECTED at 2025-09-10T03:09:14.375124: Temp stable at 142.0°F over last 10 readings.
2025-09-09 22:09:14 | INFO | Sent message to topic 'buzzline_json': {'message': 'Streaming data is fun.', 'author': 'Eve'}
2025-09-09 22:09:14 | INFO | Processed JSON message: {'message': 'Streaming data is fun.', 'author': 'Eve'}
2025-09-09 22:09:14 | INFO | Message received from author: Eve
2025-09-09 22:09:14 | INFO | Updated author counts: {'Eve': 382, 'Alice': 542, 'Charlie': 336, 'Diana': 609, 'Bob': 384}
2025-09-09 22:09:15 | INFO | Sent message to topic 'buzzline_json': {'message': 'Kafka is awesome.', 'author': 'Alice'}
2025-09-09 22:09:15 | INFO | Processed JSON message: {'message': 'Kafka is awesome.', 'author': 'Alice'}
2025-09-09 22:09:15 | INFO | Message received from author: Alice
2025-09-09 22:09:15 | INFO | Updated author counts: {'Eve': 382, 'Alice': 543, 'Charlie': 336, 'Diana': 609, 'Bob': 384}
2025-09-09 22:09:16 | INFO | Sent message to topic 'buzzline_json': {'message': 'JSON makes life easier.', 'author': 'Bob'}
2025-09-09 22:09:16 | INFO | Processed JSON message: {'message': 'JSON makes life easier.', 'author': 'Bob'}
2025-09-09 22:09:16 | INFO | Message received from author: Bob
2025-09-09 22:09:16 | INFO | Updated author counts: {'Eve': 382, 'Alice': 543, 'Charlie': 336, 'Diana': 609, 'Bob': 385}
2025-09-09 22:09:17 | INFO | Sent message to topic 'buzzline_json': {'message': 'This is a buzz message.', 'author': 'Charlie'}
2025-09-09 22:09:17 | INFO | Processed JSON message: {'message': 'This is a buzz message.', 'author': 'Charlie'}
2025-09-09 22:09:17 | INFO | Message received from author: Charlie
2025-09-09 22:09:17 | INFO | Updated author counts: {'Eve': 382, 'Alice': 543, 'Charlie': 337, 'Diana': 609, 'Bob': 385}
2025-09-09 22:09:18 | INFO | Sent message to topic 'buzzline_json': {'message': 'Have a great day!', 'author': 'Diana'}
2025-09-09 22:09:18 | INFO | Processed JSON message: {'message': 'Have a great day!', 'author': 'Diana'}
2025-09-09 22:09:18 | INFO | Message received from author: Diana
2025-09-09 22:09:18 | INFO | Updated author counts: {'Eve': 382, 'Alice': 543, 'Charlie': 337, 'Diana': 610, 'Bob': 385}
2025-09-09 22:09:19 | INFO | Sent message to topic 'smoker_csv': {'timestamp': '2025-09-10T03:09:19.381071', 'temperature': 142.2}
2025-09-09 22:09:19 | INFO | Processed JSON message: {'timestamp': '2025-09-10T03:09:19.381071', 'temperature': 142.2}
2025-09-09 22:09:19 | INFO | Rolling window size: 10
2025-09-09 22:09:19 | INFO | Max stall temperature range: 0.2 F
2025-09-09 22:09:19 | INFO | STALL DETECTED at 2025-09-10T03:09:19.381071: Temp stable at 142.2°F over last 10 readings.
2025-09-09 22:09:19 | INFO | Sent message to topic 'buzzline_json': {'message': 'Distributed systems are fascinating.', 'author': 'Bob'}
2025-09-09 22:09:19 | INFO | Processed JSON message: {'message': 'Distributed systems are fascinating.', 'author': 'Bob'}
2025-09-09 22:09:19 | INFO | Message received from author: Bob
2025-09-09 22:09:19 | INFO | Updated author counts: {'Eve': 382, 'Alice': 543, 'Charlie': 337, 'Diana': 610, 'Bob': 386}
2025-09-09 22:09:20 | INFO | Sent message to topic 'buzzline_json': {'message': 'Kafka is awesome.', 'author': 'Alice'}
2025-09-09 22:09:20 | INFO | Processed JSON message: {'message': 'Kafka is awesome.', 'author': 'Alice'}
2025-09-09 22:09:20 | INFO | Message received from author: Alice
2025-09-09 22:09:20 | INFO | Updated author counts: {'Eve': 382, 'Alice': 544, 'Charlie': 337, 'Diana': 610, 'Bob': 386}
2025-09-09 22:09:21 | INFO | Sent message to topic 'buzzline_json': {'message': 'Streaming data is fun.', 'author': 'Alice'}
2025-09-09 22:09:21 | INFO | Processed JSON message: {'message': 'Streaming data is fun.', 'author': 'Alice'}
2025-09-09 22:09:21 | INFO | Message received from author: Alice
2025-09-09 22:09:21 | INFO | Updated author counts: {'Eve': 382, 'Alice': 545, 'Charlie': 337, 'Diana': 610, 'Bob': 386}
2025-09-09 22:09:22 | INFO | Sent message to topic 'buzzline_json': {'message': 'Have a great day!', 'author': 'Diana'}
2025-09-09 22:09:22 | INFO | Processed JSON message: {'message': 'Have a great day!', 'author': 'Diana'}
2025-09-09 22:09:22 | INFO | Message received from author: Diana
2025-09-09 22:09:22 | INFO | Updated author counts: {'Eve': 382, 'Alice': 545, 'Charlie': 337, 'Diana': 611, 'Bob': 386}
