2025-09-13 21:43:30 | INFO | Sent message to topic 'buzzline_json': {'message': 'Hello, Kafka world!', 'author': 'Bob', 'pet': 'dog', 'color': 'orange'}
2025-09-13 21:43:31 | INFO | Sent message to topic 'buzzline_json': {'message': 'Distributed systems are fascinating.', 'author': 'Diana', 'pet': 'hamster', 'color': 'white'}
2025-09-13 21:43:32 | INFO | Sent message to topic 'buzzline_json': {'message': 'I love Python!', 'author': 'Diana', 'pet': 'goat', 'color': 'black'}
2025-09-13 21:43:33 | INFO | Sent message to topic 'buzzline_json': {'message': 'Have a great day!', 'author': 'Alice', 'pet': 'dog', 'color': 'red'}
2025-09-13 21:43:34 | INFO | Sent message to topic 'buzzline_json': {'message': 'Hello, Kafka world!', 'author': 'Charlie', 'pet': 'rabbit', 'color': 'orange'}
2025-09-13 21:43:35 | INFO | Sent message to topic 'buzzline_json': {'message': 'JSON makes life easier.', 'author': 'Diana', 'pet': 'rabbit', 'color': 'black'}
2025-09-13 21:43:36 | INFO | Sent message to topic 'buzzline_json': {'message': 'I love Python!', 'author': 'Bob', 'pet': 'horse', 'color': 'brown'}
2025-09-13 21:43:37 | INFO | Sent message to topic 'buzzline_json': {'message': 'Have a great day!', 'author': 'Diana', 'pet': 'cat', 'color': 'red'}
2025-09-13 21:43:38 | INFO | Sent message to topic 'buzzline_json': {'message': 'Hello, Kafka world!', 'author': 'Alice', 'pet': 'cat', 'color': 'gray'}
2025-09-13 21:43:39 | INFO | Sent message to topic 'buzzline_json': {'message': 'JSON makes life easier.', 'author': 'Alice', 'pet': 'hamster', 'color': 'brown'}
2025-09-13 21:43:40 | INFO | Sent message to topic 'buzzline_json': {'message': 'Buzz messages for everyone.', 'author': 'Charlie', 'pet': 'gerbil', 'color': 'cream'}
2025-09-13 21:43:41 | INFO | Sent message to topic 'buzzline_json': {'message': 'Buzz messages for everyone.', 'author': 'Bob', 'pet': 'cat', 'color': 'orange'}
2025-09-13 21:43:42 | INFO | Sent message to topic 'buzzline_json': {'message': 'Streaming data is fun.', 'author': 'Diana', 'pet': 'goat', 'color': 'blue'}
2025-09-13 21:43:43 | INFO | Sent message to topic 'buzzline_json': {'message': 'Have a great day!', 'author': 'Diana', 'pet': 'gerbil', 'color': 'red'}
2025-09-13 21:43:44 | INFO | Sent message to topic 'buzzline_json': {'message': 'I love Python!', 'author': 'Alice', 'pet': 'horse', 'color': 'gray'}
2025-09-13 21:43:45 | INFO | Sent message to topic 'buzzline_json': {'message': 'Streaming data is fun.', 'author': 'Charlie', 'pet': 'gerbil', 'color': 'brown'}
2025-09-13 21:43:46 | INFO | Sent message to topic 'buzzline_json': {'message': 'Kafka is awesome.', 'author': 'Alice', 'pet': 'cat', 'color': 'brown'}
2025-09-13 21:43:47 | INFO | Sent message to topic 'buzzline_json': {'message': 'Kafka is awesome.', 'author': 'Diana', 'pet': 'cat', 'color': 'black'}
2025-09-13 21:43:48 | INFO | Sent message to topic 'buzzline_json': {'message': 'Kafka is awesome.', 'author': 'Alice', 'pet': 'goat', 'color': 'white'}
2025-09-13 21:43:49 | INFO | Sent message to topic 'buzzline_json': {'message': 'JSON makes life easier.', 'author': 'Bob', 'pet': 'dog', 'color': 'red'}
2025-09-13 21:43:50 | INFO | Sent message to topic 'buzzline_json': {'message': 'This is a buzz message.', 'author': 'Bob', 'pet': 'dog', 'color': 'red'}
2025-09-13 21:43:51 | INFO | Sent message to topic 'buzzline_json': {'message': 'Streaming data is fun.', 'author': 'Diana', 'pet': 'cat', 'color': 'blue'}
2025-09-13 21:43:52 | INFO | Sent message to topic 'buzzline_json': {'message': 'Have a great day!', 'author': 'Bob', 'pet': 'goat', 'color': 'brown'}
2025-09-13 21:43:53 | INFO | Sent message to topic 'buzzline_json': {'message': 'This is a buzz message.', 'author': 'Eve', 'pet': 'rabbit', 'color': 'cream'}
2025-09-13 21:43:55 | INFO | Sent message to topic 'buzzline_json': {'message': 'Hello, Kafka world!', 'author': 'Bob', 'pet': 'bird', 'color': 'cream'}
2025-09-13 21:43:56 | INFO | Sent message to topic 'buzzline_json': {'message': 'This is a buzz message.', 'author': 'Alice', 'pet': 'hamster', 'color': 'red'}
2025-09-13 21:43:57 | INFO | Sent message to topic 'buzzline_json': {'message': 'Streaming data is fun.', 'author': 'Eve', 'pet': 'gerbil', 'color': 'brown'}
2025-09-13 21:43:58 | INFO | Sent message to topic 'buzzline_json': {'message': 'Kafka is awesome.', 'author': 'Alice', 'pet': 'hamster', 'color': 'cream'}
2025-09-13 21:43:59 | INFO | Sent message to topic 'buzzline_json': {'message': 'JSON makes life easier.', 'author': 'Bob', 'pet': 'bird', 'color': 'red'}
2025-09-13 21:44:00 | INFO | Sent message to topic 'buzzline_json': {'message': 'This is a buzz message.', 'author': 'Charlie', 'pet': 'cat', 'color': 'blue'}
2025-09-13 21:44:01 | INFO | Sent message to topic 'buzzline_json': {'message': 'Have a great day!', 'author': 'Diana', 'pet': 'rabbit', 'color': 'black'}
2025-09-13 21:44:02 | INFO | Sent message to topic 'buzzline_json': {'message': 'Distributed systems are fascinating.', 'author': 'Bob', 'pet': 'rabbit', 'color': 'black'}
2025-09-13 21:44:03 | INFO | Sent message to topic 'buzzline_json': {'message': 'Kafka is awesome.', 'author': 'Alice', 'pet': 'cat', 'color': 'white'}
2025-09-13 21:44:04 | INFO | Sent message to topic 'buzzline_json': {'message': 'Streaming data is fun.', 'author': 'Alice', 'pet': 'dog', 'color': 'black'}
2025-09-13 21:44:05 | INFO | Sent message to topic 'buzzline_json': {'message': 'Have a great day!', 'author': 'Diana', 'pet': 'cat', 'color': 'red'}
2025-09-13 21:44:06 | INFO | Sent message to topic 'buzzline_json': {'message': 'Streaming data is fun.', 'author': 'Alice', 'pet': 'cat', 'color': 'gray'}
2025-09-13 21:44:07 | INFO | Sent message to topic 'buzzline_json': {'message': 'This is a buzz message.', 'author': 'Diana', 'pet': 'dog', 'color': 'brown'}
2025-09-13 21:44:08 | INFO | Sent message to topic 'buzzline_json': {'message': 'Data engineering is my passion.', 'author': 'Bob', 'pet': 'cat', 'color': 'orange'}
2025-09-13 21:44:09 | INFO | Sent message to topic 'buzzline_json': {'message': 'Have a great day!', 'author': 'Diana', 'pet': 'bird', 'color': 'blue'}
2025-09-13 21:44:10 | INFO | Sent message to topic 'buzzline_json': {'message': 'Kafka is awesome.', 'author': 'Alice', 'pet': 'gerbil', 'color': 'brown'}
2025-09-13 21:44:11 | INFO | Sent message to topic 'buzzline_json': {'message': 'Kafka is awesome.', 'author': 'Eve', 'pet': 'cat', 'color': 'orange'}
2025-09-13 21:44:12 | INFO | Sent message to topic 'buzzline_json': {'message': 'Have a great day!', 'author': 'Diana', 'pet': 'dog', 'color': 'brown'}
2025-09-13 21:44:13 | INFO | Sent message to topic 'buzzline_json': {'message': 'Buzz messages for everyone.', 'author': 'Charlie', 'pet': 'rabbit', 'color': 'gray'}
2025-09-13 21:44:14 | INFO | Sent message to topic 'buzzline_json': {'message': 'This is a buzz message.', 'author': 'Charlie', 'pet': 'dog', 'color': 'black'}
2025-09-13 21:44:15 | INFO | Sent message to topic 'buzzline_json': {'message': 'Streaming data is fun.', 'author': 'Alice', 'pet': 'gerbil', 'color': 'black'}
2025-09-13 21:44:16 | INFO | Sent message to topic 'buzzline_json': {'message': 'Hello, Kafka world!', 'author': 'Diana', 'pet': 'rabbit', 'color': 'white'}
2025-09-13 21:44:17 | INFO | Sent message to topic 'buzzline_json': {'message': 'Kafka is awesome.', 'author': 'Bob', 'pet': 'hamster', 'color': 'blue'}
2025-09-13 21:44:18 | INFO | Sent message to topic 'buzzline_json': {'message': 'I love Python!', 'author': 'Eve', 'pet': 'gerbil', 'color': 'white'}
2025-09-13 21:44:19 | INFO | Sent message to topic 'buzzline_json': {'message': 'JSON makes life easier.', 'author': 'Charlie', 'pet': 'gerbil', 'color': 'orange'}
2025-09-13 21:44:20 | INFO | Sent message to topic 'buzzline_json': {'message': 'I love Python!', 'author': 'Charlie', 'pet': 'horse', 'color': 'brown'}
2025-09-13 21:44:21 | INFO | Sent message to topic 'buzzline_json': {'message': 'I love Python!', 'author': 'Charlie', 'pet': 'gerbil', 'color': 'cream'}
2025-09-13 21:44:22 | INFO | Sent message to topic 'buzzline_json': {'message': 'I love Python!', 'author': 'Diana', 'pet': 'bird', 'color': 'cream'}
2025-09-13 21:44:23 | INFO | Sent message to topic 'buzzline_json': {'message': 'Streaming data is fun.', 'author': 'Diana', 'pet': 'rabbit', 'color': 'red'}
2025-09-13 21:44:24 | INFO | Sent message to topic 'buzzline_json': {'message': 'Data engineering is my passion.', 'author': 'Eve', 'pet': 'rabbit', 'color': 'cream'}
2025-09-13 21:44:25 | INFO | Sent message to topic 'buzzline_json': {'message': 'Buzz messages for everyone.', 'author': 'Eve', 'pet': 'dog', 'color': 'brown'}
2025-09-13 21:44:26 | INFO | Sent message to topic 'buzzline_json': {'message': 'JSON makes life easier.', 'author': 'Eve', 'pet': 'horse', 'color': 'blue'}
2025-09-13 21:44:27 | INFO | Sent message to topic 'buzzline_json': {'message': 'Have a great day!', 'author': 'Alice', 'pet': 'gerbil', 'color': 'gray'}
2025-09-13 21:44:28 | INFO | Sent message to topic 'buzzline_json': {'message': 'I love Python!', 'author': 'Bob', 'pet': 'rabbit', 'color': 'gray'}
2025-09-13 21:44:29 | INFO | Sent message to topic 'buzzline_json': {'message': 'I love Python!', 'author': 'Bob', 'pet': 'bird', 'color': 'blue'}
2025-09-13 21:44:30 | INFO | Sent message to topic 'buzzline_json': {'message': 'This is a buzz message.', 'author': 'Eve', 'pet': 'gerbil', 'color': 'gray'}
2025-09-13 21:44:31 | INFO | Sent message to topic 'buzzline_json': {'message': 'This is a buzz message.', 'author': 'Alice', 'pet': 'dog', 'color': 'orange'}
2025-09-13 21:44:32 | INFO | Sent message to topic 'buzzline_json': {'message': 'Distributed systems are fascinating.', 'author': 'Diana', 'pet': 'gerbil', 'color': 'red'}
2025-09-13 21:44:33 | INFO | Sent message to topic 'buzzline_json': {'message': 'Streaming data is fun.', 'author': 'Eve', 'pet': 'rabbit', 'color': 'black'}
2025-09-13 21:44:34 | INFO | Sent message to topic 'buzzline_json': {'message': 'Have a great day!', 'author': 'Charlie', 'pet': 'hamster', 'color': 'red'}
2025-09-13 21:44:35 | INFO | Sent message to topic 'buzzline_json': {'message': 'JSON makes life easier.', 'author': 'Eve', 'pet': 'rabbit', 'color': 'blue'}
2025-09-13 21:44:36 | INFO | Sent message to topic 'buzzline_json': {'message': 'Buzz messages for everyone.', 'author': 'Diana', 'pet': 'cat', 'color': 'red'}
2025-09-13 21:44:37 | INFO | Sent message to topic 'buzzline_json': {'message': 'This is a buzz message.', 'author': 'Charlie', 'pet': 'gerbil', 'color': 'gray'}
2025-09-13 21:44:38 | INFO | Sent message to topic 'buzzline_json': {'message': 'Distributed systems are fascinating.', 'author': 'Charlie', 'pet': 'cat', 'color': 'brown'}
2025-09-13 21:44:39 | INFO | Sent message to topic 'buzzline_json': {'message': 'Buzz messages for everyone.', 'author': 'Bob', 'pet': 'horse', 'color': 'blue'}
2025-09-13 21:44:40 | INFO | Sent message to topic 'buzzline_json': {'message': 'This is a buzz message.', 'author': 'Eve', 'pet': 'goat', 'color': 'brown'}
2025-09-13 21:44:41 | INFO | Sent message to topic 'buzzline_json': {'message': 'Data engineering is my passion.', 'author': 'Diana', 'pet': 'rabbit', 'color': 'orange'}
2025-09-13 21:44:42 | INFO | Sent message to topic 'buzzline_json': {'message': 'Data engineering is my passion.', 'author': 'Alice', 'pet': 'gerbil', 'color': 'orange'}
2025-09-13 21:44:43 | INFO | Sent message to topic 'buzzline_json': {'message': 'Buzz messages for everyone.', 'author': 'Diana', 'pet': 'goat', 'color': 'white'}
2025-09-13 21:44:44 | INFO | Sent message to topic 'buzzline_json': {'message': 'JSON makes life easier.', 'author': 'Alice', 'pet': 'cat', 'color': 'black'}
2025-09-13 21:44:45 | INFO | Opening data file in read mode: PROJECT_ROOT/data/buzz.json
2025-09-13 21:44:45 | INFO | Reading data from file: PROJECT_ROOT/data/buzz.json
2025-09-13 21:44:45 | INFO | Sent message to topic 'buzzline_json': {'message': 'Data engineering is my passion.', 'author': 'Eve', 'pet': 'cat', 'color': 'red'}
2025-09-13 21:44:46 | INFO | Sent message to topic 'buzzline_json': {'message': 'Distributed systems are fascinating.', 'author': 'Alice', 'pet': 'cat', 'color': 'brown'}
2025-09-13 21:44:47 | INFO | Sent message to topic 'buzzline_json': {'message': 'Have a great day!', 'author': 'Charlie', 'pet': 'bird', 'color': 'red'}
2025-09-13 21:44:48 | INFO | Sent message to topic 'buzzline_json': {'message': 'Data engineering is my passion.', 'author': 'Alice', 'pet': 'dog', 'color': 'orange'}
2025-09-13 21:44:49 | INFO | Sent message to topic 'buzzline_json': {'message': 'Distributed systems are fascinating.', 'author': 'Diana', 'pet': 'dog', 'color': 'red'}
2025-09-13 21:44:50 | INFO | Sent message to topic 'buzzline_json': {'message': 'Buzz messages for everyone.', 'author': 'Alice', 'pet': 'bird', 'color': 'black'}
2025-09-13 21:44:51 | INFO | Sent message to topic 'buzzline_json': {'message': 'Hello, Kafka world!', 'author': 'Diana', 'pet': 'dog', 'color': 'black'}
2025-09-13 21:44:52 | INFO | Sent message to topic 'buzzline_json': {'message': 'This is a buzz message.', 'author': 'Eve', 'pet': 'hamster', 'color': 'brown'}
2025-09-13 21:44:53 | INFO | Sent message to topic 'buzzline_json': {'message': 'JSON makes life easier.', 'author': 'Eve', 'pet': 'dog', 'color': 'red'}
2025-09-13 21:44:54 | INFO | Sent message to topic 'buzzline_json': {'message': 'JSON makes life easier.', 'author': 'Alice', 'pet': 'rabbit', 'color': 'black'}
2025-09-13 21:44:55 | INFO | Sent message to topic 'buzzline_json': {'message': 'Data engineering is my passion.', 'author': 'Diana', 'pet': 'gerbil', 'color': 'blue'}
2025-09-13 21:44:56 | INFO | Sent message to topic 'buzzline_json': {'message': 'JSON makes life easier.', 'author': 'Diana', 'pet': 'gerbil', 'color': 'gray'}
2025-09-13 21:44:57 | INFO | Sent message to topic 'buzzline_json': {'message': 'Kafka is awesome.', 'author': 'Charlie', 'pet': 'cat', 'color': 'black'}
2025-09-13 21:44:58 | INFO | Sent message to topic 'buzzline_json': {'message': 'JSON makes life easier.', 'author': 'Bob', 'pet': 'gerbil', 'color': 'black'}
2025-09-13 21:44:59 | INFO | Sent message to topic 'buzzline_json': {'message': 'I love Python!', 'author': 'Bob', 'pet': 'hamster', 'color': 'cream'}
2025-09-13 21:45:00 | INFO | Sent message to topic 'buzzline_json': {'message': 'This is a buzz message.', 'author': 'Eve', 'pet': 'gerbil', 'color': 'gray'}
2025-09-13 21:45:01 | INFO | Sent message to topic 'buzzline_json': {'message': 'I love Python!', 'author': 'Eve', 'pet': 'cat', 'color': 'blue'}
2025-09-13 21:45:02 | INFO | Sent message to topic 'buzzline_json': {'message': 'Buzz messages for everyone.', 'author': 'Alice', 'pet': 'goat', 'color': 'brown'}
2025-09-13 21:45:03 | INFO | Sent message to topic 'buzzline_json': {'message': 'This is a buzz message.', 'author': 'Alice', 'pet': 'bird', 'color': 'gray'}
2025-09-13 21:45:04 | INFO | Sent message to topic 'buzzline_json': {'message': 'Data engineering is my passion.', 'author': 'Diana', 'pet': 'cat', 'color': 'blue'}
2025-09-13 21:45:05 | INFO | Sent message to topic 'buzzline_json': {'message': 'I love Python!', 'author': 'Eve', 'pet': 'bird', 'color': 'brown'}
2025-09-13 21:45:06 | INFO | Sent message to topic 'buzzline_json': {'message': 'JSON makes life easier.', 'author': 'Charlie', 'pet': 'rabbit', 'color': 'brown'}
2025-09-13 21:45:07 | INFO | Sent message to topic 'buzzline_json': {'message': 'Have a great day!', 'author': 'Bob', 'pet': 'horse', 'color': 'white'}
2025-09-13 21:45:08 | INFO | Sent message to topic 'buzzline_json': {'message': 'Data engineering is my passion.', 'author': 'Alice', 'pet': 'bird', 'color': 'cream'}
2025-09-13 21:45:09 | INFO | Sent message to topic 'buzzline_json': {'message': 'Kafka is awesome.', 'author': 'Diana', 'pet': 'bird', 'color': 'black'}
2025-09-13 21:45:10 | INFO | Sent message to topic 'buzzline_json': {'message': 'Kafka is awesome.', 'author': 'Diana', 'pet': 'cat', 'color': 'cream'}
2025-09-13 21:45:11 | INFO | Sent message to topic 'buzzline_json': {'message': 'Hello, Kafka world!', 'author': 'Bob', 'pet': 'gerbil', 'color': 'blue'}
2025-09-13 21:45:12 | INFO | Sent message to topic 'buzzline_json': {'message': 'Distributed systems are fascinating.', 'author': 'Diana', 'pet': 'gerbil', 'color': 'brown'}
2025-09-13 21:45:13 | INFO | Sent message to topic 'buzzline_json': {'message': 'I love Python!', 'author': 'Diana', 'pet': 'goat', 'color': 'blue'}
2025-09-13 21:45:14 | INFO | Sent message to topic 'buzzline_json': {'message': 'Have a great day!', 'author': 'Alice', 'pet': 'goat', 'color': 'orange'}
2025-09-13 21:45:15 | INFO | Sent message to topic 'buzzline_json': {'message': 'Hello, Kafka world!', 'author': 'Charlie', 'pet': 'horse', 'color': 'gray'}
2025-09-13 21:45:16 | INFO | Sent message to topic 'buzzline_json': {'message': 'JSON makes life easier.', 'author': 'Diana', 'pet': 'cat', 'color': 'brown'}
2025-09-13 21:45:17 | INFO | Sent message to topic 'buzzline_json': {'message': 'I love Python!', 'author': 'Bob', 'pet': 'horse', 'color': 'brown'}
2025-09-13 21:45:18 | INFO | Sent message to topic 'buzzline_json': {'message': 'Have a great day!', 'author': 'Diana', 'pet': 'rabbit', 'color': 'cream'}
2025-09-13 21:45:19 | INFO | Sent message to topic 'buzzline_json': {'message': 'Hello, Kafka world!', 'author': 'Alice', 'pet': 'horse', 'color': 'blue'}
2025-09-13 21:45:20 | INFO | Sent message to topic 'buzzline_json': {'message': 'JSON makes life easier.', 'author': 'Alice', 'pet': 'hamster', 'color': 'red'}
2025-09-13 21:45:21 | INFO | Sent message to topic 'buzzline_json': {'message': 'Buzz messages for everyone.', 'author': 'Charlie', 'pet': 'rabbit', 'color': 'black'}
2025-09-13 21:45:22 | INFO | Sent message to topic 'buzzline_json': {'message': 'Buzz messages for everyone.', 'author': 'Bob', 'pet': 'bird', 'color': 'black'}
2025-09-13 21:45:23 | INFO | Sent message to topic 'buzzline_json': {'message': 'Streaming data is fun.', 'author': 'Diana', 'pet': 'gerbil', 'color': 'brown'}
2025-09-13 21:45:24 | INFO | Sent message to topic 'buzzline_json': {'message': 'Have a great day!', 'author': 'Diana', 'pet': 'bird', 'color': 'orange'}
2025-09-13 21:45:25 | INFO | Sent message to topic 'buzzline_json': {'message': 'I love Python!', 'author': 'Alice', 'pet': 'gerbil', 'color': 'cream'}
2025-09-13 21:45:26 | INFO | Sent message to topic 'buzzline_json': {'message': 'Streaming data is fun.', 'author': 'Charlie', 'pet': 'dog', 'color': 'orange'}
2025-09-13 21:45:27 | INFO | Sent message to topic 'buzzline_json': {'message': 'Kafka is awesome.', 'author': 'Alice', 'pet': 'gerbil', 'color': 'red'}
2025-09-13 21:45:28 | INFO | Sent message to topic 'buzzline_json': {'message': 'Kafka is awesome.', 'author': 'Diana', 'pet': 'dog', 'color': 'brown'}
2025-09-13 21:45:29 | INFO | Sent message to topic 'buzzline_json': {'message': 'Kafka is awesome.', 'author': 'Alice', 'pet': 'horse', 'color': 'brown'}
2025-09-13 21:45:30 | INFO | Sent message to topic 'buzzline_json': {'message': 'JSON makes life easier.', 'author': 'Bob', 'pet': 'horse', 'color': 'gray'}
2025-09-13 21:45:31 | INFO | Sent message to topic 'buzzline_json': {'message': 'This is a buzz message.', 'author': 'Bob', 'pet': 'rabbit', 'color': 'white'}
2025-09-13 21:45:32 | INFO | Sent message to topic 'buzzline_json': {'message': 'Streaming data is fun.', 'author': 'Diana', 'pet': 'cat', 'color': 'blue'}
2025-09-13 21:45:33 | INFO | Sent message to topic 'buzzline_json': {'message': 'Have a great day!', 'author': 'Bob', 'pet': 'hamster', 'color': 'blue'}
2025-09-13 21:45:34 | INFO | Sent message to topic 'buzzline_json': {'message': 'This is a buzz message.', 'author': 'Eve', 'pet': 'rabbit', 'color': 'gray'}
2025-09-13 21:45:35 | INFO | Sent message to topic 'buzzline_json': {'message': 'Hello, Kafka world!', 'author': 'Bob', 'pet': 'gerbil', 'color': 'gray'}
2025-09-13 21:45:36 | INFO | Sent message to topic 'buzzline_json': {'message': 'This is a buzz message.', 'author': 'Alice', 'pet': 'bird', 'color': 'red'}
2025-09-13 21:45:37 | INFO | Sent message to topic 'buzzline_json': {'message': 'Streaming data is fun.', 'author': 'Eve', 'pet': 'goat', 'color': 'orange'}
2025-09-13 21:45:38 | INFO | Sent message to topic 'buzzline_json': {'message': 'Kafka is awesome.', 'author': 'Alice', 'pet': 'goat', 'color': 'black'}
2025-09-13 21:45:39 | INFO | Sent message to topic 'buzzline_json': {'message': 'JSON makes life easier.', 'author': 'Bob', 'pet': 'cat', 'color': 'blue'}
2025-09-13 21:45:40 | INFO | Sent message to topic 'buzzline_json': {'message': 'This is a buzz message.', 'author': 'Charlie', 'pet': 'horse', 'color': 'blue'}
2025-09-13 21:45:41 | INFO | Sent message to topic 'buzzline_json': {'message': 'Have a great day!', 'author': 'Diana', 'pet': 'hamster', 'color': 'cream'}
2025-09-13 21:45:42 | INFO | Sent message to topic 'buzzline_json': {'message': 'Distributed systems are fascinating.', 'author': 'Bob', 'pet': 'goat', 'color': 'blue'}
2025-09-13 21:45:43 | INFO | Sent message to topic 'buzzline_json': {'message': 'Kafka is awesome.', 'author': 'Alice', 'pet': 'goat', 'color': 'cream'}
2025-09-13 21:45:43 | INFO | Logging to file: logs/project_log.log
2025-09-13 21:45:43 | INFO | Log sanitization enabled, personal info removed
2025-09-13 21:45:43 | INFO | Project root: PROJECT_ROOT
2025-09-13 21:45:43 | INFO | Data folder: PROJECT_ROOT/data
2025-09-13 21:45:44 | INFO | Sent message to topic 'buzzline_json': {'message': 'Streaming data is fun.', 'author': 'Alice', 'pet': 'horse', 'color': 'red'}
2025-09-13 21:45:45 | INFO | Sent message to topic 'buzzline_json': {'message': 'Have a great day!', 'author': 'Diana', 'pet': 'dog', 'color': 'red'}
2025-09-13 21:45:46 | INFO | Sent message to topic 'buzzline_json': {'message': 'Streaming data is fun.', 'author': 'Alice', 'pet': 'gerbil', 'color': 'brown'}
2025-09-13 21:45:47 | INFO | Sent message to topic 'buzzline_json': {'message': 'This is a buzz message.', 'author': 'Diana', 'pet': 'bird', 'color': 'red'}
2025-09-13 21:45:48 | INFO | Sent message to topic 'buzzline_json': {'message': 'Data engineering is my passion.', 'author': 'Bob', 'pet': 'gerbil', 'color': 'cream'}
2025-09-13 21:45:49 | INFO | Sent message to topic 'buzzline_json': {'message': 'Have a great day!', 'author': 'Diana', 'pet': 'goat', 'color': 'brown'}
2025-09-13 21:45:50 | INFO | Sent message to topic 'buzzline_json': {'message': 'Kafka is awesome.', 'author': 'Alice', 'pet': 'bird', 'color': 'cream'}
2025-09-13 21:45:51 | INFO | Sent message to topic 'buzzline_json': {'message': 'Kafka is awesome.', 'author': 'Eve', 'pet': 'gerbil', 'color': 'black'}
2025-09-13 21:45:52 | INFO | Sent message to topic 'buzzline_json': {'message': 'Have a great day!', 'author': 'Diana', 'pet': 'gerbil', 'color': 'gray'}
2025-09-13 21:45:53 | INFO | Sent message to topic 'buzzline_json': {'message': 'Buzz messages for everyone.', 'author': 'Charlie', 'pet': 'hamster', 'color': 'orange'}
2025-09-13 21:45:54 | INFO | Sent message to topic 'buzzline_json': {'message': 'This is a buzz message.', 'author': 'Charlie', 'pet': 'gerbil', 'color': 'white'}
2025-09-13 21:45:55 | INFO | Sent message to topic 'buzzline_json': {'message': 'Streaming data is fun.', 'author': 'Alice', 'pet': 'hamster', 'color': 'white'}
2025-09-13 21:45:56 | INFO | Sent message to topic 'buzzline_json': {'message': 'Hello, Kafka world!', 'author': 'Diana', 'pet': 'goat', 'color': 'blue'}
2025-09-13 21:45:57 | INFO | Sent message to topic 'buzzline_json': {'message': 'Kafka is awesome.', 'author': 'Bob', 'pet': 'dog', 'color': 'blue'}
2025-09-13 21:45:58 | INFO | Sent message to topic 'buzzline_json': {'message': 'I love Python!', 'author': 'Eve', 'pet': 'bird', 'color': 'white'}
2025-09-13 21:45:59 | INFO | Sent message to topic 'buzzline_json': {'message': 'JSON makes life easier.', 'author': 'Charlie', 'pet': 'rabbit', 'color': 'blue'}
2025-09-13 21:46:00 | INFO | Sent message to topic 'buzzline_json': {'message': 'I love Python!', 'author': 'Charlie', 'pet': 'rabbit', 'color': 'blue'}
2025-09-13 21:46:01 | INFO | Sent message to topic 'buzzline_json': {'message': 'I love Python!', 'author': 'Charlie', 'pet': 'bird', 'color': 'white'}
2025-09-13 21:46:02 | INFO | Sent message to topic 'buzzline_json': {'message': 'I love Python!', 'author': 'Diana', 'pet': 'gerbil', 'color': 'gray'}
2025-09-13 21:46:03 | INFO | Sent message to topic 'buzzline_json': {'message': 'Streaming data is fun.', 'author': 'Diana', 'pet': 'cat', 'color': 'black'}
2025-09-13 21:46:04 | INFO | Sent message to topic 'buzzline_json': {'message': 'Data engineering is my passion.', 'author': 'Eve', 'pet': 'gerbil', 'color': 'gray'}
2025-09-13 21:46:05 | INFO | Sent message to topic 'buzzline_json': {'message': 'Buzz messages for everyone.', 'author': 'Eve', 'pet': 'hamster', 'color': 'brown'}
2025-09-13 21:46:06 | INFO | Sent message to topic 'buzzline_json': {'message': 'JSON makes life easier.', 'author': 'Eve', 'pet': 'hamster', 'color': 'orange'}
2025-09-13 21:46:07 | INFO | Sent message to topic 'buzzline_json': {'message': 'Have a great day!', 'author': 'Alice', 'pet': 'bird', 'color': 'brown'}
2025-09-13 21:46:08 | INFO | Sent message to topic 'buzzline_json': {'message': 'I love Python!', 'author': 'Bob', 'pet': 'hamster', 'color': 'cream'}
2025-09-13 21:46:09 | INFO | Sent message to topic 'buzzline_json': {'message': 'I love Python!', 'author': 'Bob', 'pet': 'rabbit', 'color': 'gray'}
2025-09-13 21:46:10 | INFO | Sent message to topic 'buzzline_json': {'message': 'This is a buzz message.', 'author': 'Eve', 'pet': 'horse', 'color': 'cream'}
2025-09-13 21:46:11 | INFO | Sent message to topic 'buzzline_json': {'message': 'This is a buzz message.', 'author': 'Alice', 'pet': 'cat', 'color': 'blue'}
2025-09-13 21:46:12 | INFO | Sent message to topic 'buzzline_json': {'message': 'Distributed systems are fascinating.', 'author': 'Diana', 'pet': 'cat', 'color': 'red'}
2025-09-13 21:46:13 | INFO | Sent message to topic 'buzzline_json': {'message': 'Streaming data is fun.', 'author': 'Eve', 'pet': 'hamster', 'color': 'brown'}
2025-09-13 21:46:14 | INFO | Sent message to topic 'buzzline_json': {'message': 'Have a great day!', 'author': 'Charlie', 'pet': 'gerbil', 'color': 'cream'}
2025-09-13 21:46:15 | INFO | Sent message to topic 'buzzline_json': {'message': 'JSON makes life easier.', 'author': 'Eve', 'pet': 'horse', 'color': 'gray'}
2025-09-13 21:46:16 | INFO | Sent message to topic 'buzzline_json': {'message': 'Buzz messages for everyone.', 'author': 'Diana', 'pet': 'dog', 'color': 'red'}
2025-09-13 21:46:17 | INFO | Sent message to topic 'buzzline_json': {'message': 'This is a buzz message.', 'author': 'Charlie', 'pet': 'goat', 'color': 'red'}
2025-09-13 21:46:18 | INFO | Sent message to topic 'buzzline_json': {'message': 'Distributed systems are fascinating.', 'author': 'Charlie', 'pet': 'bird', 'color': 'white'}
2025-09-13 21:46:19 | INFO | Sent message to topic 'buzzline_json': {'message': 'Buzz messages for everyone.', 'author': 'Bob', 'pet': 'gerbil', 'color': 'brown'}
2025-09-13 21:46:20 | INFO | Sent message to topic 'buzzline_json': {'message': 'This is a buzz message.', 'author': 'Eve', 'pet': 'rabbit', 'color': 'black'}
2025-09-13 21:46:21 | INFO | Sent message to topic 'buzzline_json': {'message': 'Data engineering is my passion.', 'author': 'Diana', 'pet': 'rabbit', 'color': 'red'}
2025-09-13 21:46:22 | INFO | Sent message to topic 'buzzline_json': {'message': 'Data engineering is my passion.', 'author': 'Alice', 'pet': 'cat', 'color': 'red'}
2025-09-13 21:46:23 | INFO | Sent message to topic 'buzzline_json': {'message': 'Buzz messages for everyone.', 'author': 'Diana', 'pet': 'rabbit', 'color': 'brown'}
2025-09-13 21:46:24 | INFO | Sent message to topic 'buzzline_json': {'message': 'JSON makes life easier.', 'author': 'Alice', 'pet': 'bird', 'color': 'gray'}
2025-09-13 21:46:25 | INFO | Opening data file in read mode: PROJECT_ROOT/data/buzz.json
2025-09-13 21:46:25 | INFO | Reading data from file: PROJECT_ROOT/data/buzz.json
2025-09-13 21:46:25 | INFO | Sent message to topic 'buzzline_json': {'message': 'Data engineering is my passion.', 'author': 'Eve', 'pet': 'gerbil', 'color': 'gray'}
2025-09-13 21:46:26 | INFO | Sent message to topic 'buzzline_json': {'message': 'Distributed systems are fascinating.', 'author': 'Alice', 'pet': 'horse', 'color': 'orange'}
2025-09-13 21:46:27 | INFO | Sent message to topic 'buzzline_json': {'message': 'Have a great day!', 'author': 'Charlie', 'pet': 'horse', 'color': 'blue'}
2025-09-13 21:46:28 | INFO | Sent message to topic 'buzzline_json': {'message': 'Data engineering is my passion.', 'author': 'Alice', 'pet': 'rabbit', 'color': 'red'}
2025-09-13 21:46:29 | INFO | Sent message to topic 'buzzline_json': {'message': 'Distributed systems are fascinating.', 'author': 'Diana', 'pet': 'bird', 'color': 'white'}
2025-09-13 21:46:30 | INFO | Sent message to topic 'buzzline_json': {'message': 'Buzz messages for everyone.', 'author': 'Alice', 'pet': 'goat', 'color': 'blue'}
2025-09-13 21:46:31 | INFO | Sent message to topic 'buzzline_json': {'message': 'Hello, Kafka world!', 'author': 'Diana', 'pet': 'horse', 'color': 'brown'}
2025-09-13 21:46:32 | INFO | Sent message to topic 'buzzline_json': {'message': 'This is a buzz message.', 'author': 'Eve', 'pet': 'bird', 'color': 'red'}
2025-09-13 21:46:33 | INFO | Sent message to topic 'buzzline_json': {'message': 'JSON makes life easier.', 'author': 'Eve', 'pet': 'cat', 'color': 'blue'}
2025-09-13 21:46:34 | INFO | Sent message to topic 'buzzline_json': {'message': 'JSON makes life easier.', 'author': 'Alice', 'pet': 'horse', 'color': 'gray'}
2025-09-13 21:46:35 | INFO | Sent message to topic 'buzzline_json': {'message': 'Data engineering is my passion.', 'author': 'Diana', 'pet': 'bird', 'color': 'red'}
2025-09-13 21:46:36 | INFO | Sent message to topic 'buzzline_json': {'message': 'JSON makes life easier.', 'author': 'Diana', 'pet': 'gerbil', 'color': 'orange'}
2025-09-13 21:46:37 | INFO | Sent message to topic 'buzzline_json': {'message': 'Kafka is awesome.', 'author': 'Charlie', 'pet': 'dog', 'color': 'orange'}
2025-09-13 21:46:38 | INFO | Sent message to topic 'buzzline_json': {'message': 'JSON makes life easier.', 'author': 'Bob', 'pet': 'hamster', 'color': 'orange'}
2025-09-13 21:46:39 | INFO | Sent message to topic 'buzzline_json': {'message': 'I love Python!', 'author': 'Bob', 'pet': 'bird', 'color': 'red'}
2025-09-13 21:46:40 | INFO | Sent message to topic 'buzzline_json': {'message': 'This is a buzz message.', 'author': 'Eve', 'pet': 'hamster', 'color': 'gray'}
2025-09-13 21:46:41 | INFO | Sent message to topic 'buzzline_json': {'message': 'I love Python!', 'author': 'Eve', 'pet': 'dog', 'color': 'orange'}
2025-09-13 21:46:42 | INFO | Sent message to topic 'buzzline_json': {'message': 'Buzz messages for everyone.', 'author': 'Alice', 'pet': 'rabbit', 'color': 'blue'}
2025-09-13 21:46:43 | INFO | Sent message to topic 'buzzline_json': {'message': 'This is a buzz message.', 'author': 'Alice', 'pet': 'cat', 'color': 'red'}
2025-09-13 21:46:44 | INFO | Sent message to topic 'buzzline_json': {'message': 'Data engineering is my passion.', 'author': 'Diana', 'pet': 'goat', 'color': 'cream'}
2025-09-13 21:46:45 | INFO | Sent message to topic 'buzzline_json': {'message': 'I love Python!', 'author': 'Eve', 'pet': 'goat', 'color': 'blue'}
2025-09-13 21:46:46 | INFO | Sent message to topic 'buzzline_json': {'message': 'JSON makes life easier.', 'author': 'Charlie', 'pet': 'hamster', 'color': 'black'}
2025-09-13 21:46:47 | INFO | Sent message to topic 'buzzline_json': {'message': 'Have a great day!', 'author': 'Bob', 'pet': 'horse', 'color': 'blue'}
2025-09-13 21:46:48 | INFO | Sent message to topic 'buzzline_json': {'message': 'Data engineering is my passion.', 'author': 'Alice', 'pet': 'dog', 'color': 'red'}
2025-09-13 21:46:49 | INFO | Sent message to topic 'buzzline_json': {'message': 'Kafka is awesome.', 'author': 'Diana', 'pet': 'horse', 'color': 'black'}
2025-09-13 21:46:50 | INFO | Sent message to topic 'buzzline_json': {'message': 'Kafka is awesome.', 'author': 'Diana', 'pet': 'cat', 'color': 'white'}
2025-09-13 21:46:51 | INFO | Sent message to topic 'buzzline_json': {'message': 'Hello, Kafka world!', 'author': 'Bob', 'pet': 'cat', 'color': 'orange'}
2025-09-13 21:46:52 | INFO | Sent message to topic 'buzzline_json': {'message': 'Distributed systems are fascinating.', 'author': 'Diana', 'pet': 'gerbil', 'color': 'brown'}
2025-09-13 21:46:53 | INFO | Sent message to topic 'buzzline_json': {'message': 'I love Python!', 'author': 'Diana', 'pet': 'rabbit', 'color': 'brown'}
2025-09-13 21:46:54 | INFO | Sent message to topic 'buzzline_json': {'message': 'Have a great day!', 'author': 'Alice', 'pet': 'cat', 'color': 'gray'}
2025-09-13 21:46:55 | INFO | Sent message to topic 'buzzline_json': {'message': 'Hello, Kafka world!', 'author': 'Charlie', 'pet': 'dog', 'color': 'brown'}
2025-09-13 21:46:56 | INFO | Sent message to topic 'buzzline_json': {'message': 'JSON makes life easier.', 'author': 'Diana', 'pet': 'dog', 'color': 'gray'}
2025-09-13 21:46:57 | INFO | Sent message to topic 'buzzline_json': {'message': 'I love Python!', 'author': 'Bob', 'pet': 'goat', 'color': 'gray'}
2025-09-13 21:46:58 | INFO | Sent message to topic 'buzzline_json': {'message': 'Have a great day!', 'author': 'Diana', 'pet': 'rabbit', 'color': 'black'}
2025-09-13 21:46:59 | INFO | Sent message to topic 'buzzline_json': {'message': 'Hello, Kafka world!', 'author': 'Alice', 'pet': 'gerbil', 'color': 'brown'}
2025-09-13 21:47:00 | INFO | Sent message to topic 'buzzline_json': {'message': 'JSON makes life easier.', 'author': 'Alice', 'pet': 'rabbit', 'color': 'orange'}
2025-09-13 21:47:01 | INFO | Sent message to topic 'buzzline_json': {'message': 'Buzz messages for everyone.', 'author': 'Charlie', 'pet': 'gerbil', 'color': 'gray'}
2025-09-13 21:47:02 | INFO | Sent message to topic 'buzzline_json': {'message': 'Buzz messages for everyone.', 'author': 'Bob', 'pet': 'cat', 'color': 'cream'}
2025-09-13 21:47:03 | INFO | Sent message to topic 'buzzline_json': {'message': 'Streaming data is fun.', 'author': 'Diana', 'pet': 'goat', 'color': 'cream'}
2025-09-13 21:47:04 | INFO | Sent message to topic 'buzzline_json': {'message': 'Have a great day!', 'author': 'Diana', 'pet': 'bird', 'color': 'white'}
2025-09-13 21:47:05 | INFO | Sent message to topic 'buzzline_json': {'message': 'I love Python!', 'author': 'Alice', 'pet': 'bird', 'color': 'cream'}
2025-09-13 21:47:06 | INFO | Sent message to topic 'buzzline_json': {'message': 'Streaming data is fun.', 'author': 'Charlie', 'pet': 'dog', 'color': 'cream'}
2025-09-13 21:47:07 | INFO | Sent message to topic 'buzzline_json': {'message': 'Kafka is awesome.', 'author': 'Alice', 'pet': 'gerbil', 'color': 'orange'}
2025-09-13 21:47:08 | INFO | Sent message to topic 'buzzline_json': {'message': 'Kafka is awesome.', 'author': 'Diana', 'pet': 'bird', 'color': 'orange'}
2025-09-13 21:47:09 | INFO | Sent message to topic 'buzzline_json': {'message': 'Kafka is awesome.', 'author': 'Alice', 'pet': 'goat', 'color': 'red'}
2025-09-13 21:47:10 | INFO | Sent message to topic 'buzzline_json': {'message': 'JSON makes life easier.', 'author': 'Bob', 'pet': 'horse', 'color': 'black'}
2025-09-13 21:47:11 | INFO | Sent message to topic 'buzzline_json': {'message': 'This is a buzz message.', 'author': 'Bob', 'pet': 'gerbil', 'color': 'red'}
2025-09-13 21:47:12 | INFO | Sent message to topic 'buzzline_json': {'message': 'Streaming data is fun.', 'author': 'Diana', 'pet': 'bird', 'color': 'white'}
2025-09-13 21:47:13 | INFO | Sent message to topic 'buzzline_json': {'message': 'Have a great day!', 'author': 'Bob', 'pet': 'gerbil', 'color': 'orange'}
2025-09-13 21:47:14 | INFO | Sent message to topic 'buzzline_json': {'message': 'This is a buzz message.', 'author': 'Eve', 'pet': 'dog', 'color': 'brown'}
2025-09-13 21:47:15 | INFO | Sent message to topic 'buzzline_json': {'message': 'Hello, Kafka world!', 'author': 'Bob', 'pet': 'hamster', 'color': 'orange'}
2025-09-13 21:47:16 | INFO | Sent message to topic 'buzzline_json': {'message': 'This is a buzz message.', 'author': 'Alice', 'pet': 'hamster', 'color': 'orange'}
2025-09-13 21:47:17 | INFO | Sent message to topic 'buzzline_json': {'message': 'Streaming data is fun.', 'author': 'Eve', 'pet': 'goat', 'color': 'brown'}
2025-09-13 21:47:18 | INFO | Sent message to topic 'buzzline_json': {'message': 'Kafka is awesome.', 'author': 'Alice', 'pet': 'cat', 'color': 'red'}
2025-09-13 21:47:19 | INFO | Sent message to topic 'buzzline_json': {'message': 'JSON makes life easier.', 'author': 'Bob', 'pet': 'horse', 'color': 'orange'}
2025-09-13 21:47:20 | INFO | Sent message to topic 'buzzline_json': {'message': 'This is a buzz message.', 'author': 'Charlie', 'pet': 'horse', 'color': 'brown'}
2025-09-13 21:47:21 | INFO | Sent message to topic 'buzzline_json': {'message': 'Have a great day!', 'author': 'Diana', 'pet': 'dog', 'color': 'blue'}
2025-09-13 21:47:22 | INFO | Sent message to topic 'buzzline_json': {'message': 'Distributed systems are fascinating.', 'author': 'Bob', 'pet': 'dog', 'color': 'orange'}
2025-09-13 21:47:23 | INFO | Sent message to topic 'buzzline_json': {'message': 'Kafka is awesome.', 'author': 'Alice', 'pet': 'cat', 'color': 'black'}
2025-09-13 21:47:24 | INFO | Sent message to topic 'buzzline_json': {'message': 'Streaming data is fun.', 'author': 'Alice', 'pet': 'rabbit', 'color': 'red'}
2025-09-13 21:47:25 | INFO | Sent message to topic 'buzzline_json': {'message': 'Have a great day!', 'author': 'Diana', 'pet': 'dog', 'color': 'gray'}
2025-09-13 21:47:26 | INFO | Sent message to topic 'buzzline_json': {'message': 'Streaming data is fun.', 'author': 'Alice', 'pet': 'hamster', 'color': 'blue'}
2025-09-13 21:47:27 | INFO | Sent message to topic 'buzzline_json': {'message': 'This is a buzz message.', 'author': 'Diana', 'pet': 'horse', 'color': 'gray'}
2025-09-13 21:47:28 | INFO | Sent message to topic 'buzzline_json': {'message': 'Data engineering is my passion.', 'author': 'Bob', 'pet': 'goat', 'color': 'red'}
2025-09-13 21:47:29 | INFO | Sent message to topic 'buzzline_json': {'message': 'Have a great day!', 'author': 'Diana', 'pet': 'bird', 'color': 'white'}
2025-09-13 21:47:30 | INFO | Sent message to topic 'buzzline_json': {'message': 'Kafka is awesome.', 'author': 'Alice', 'pet': 'bird', 'color': 'orange'}
2025-09-13 21:47:31 | INFO | Sent message to topic 'buzzline_json': {'message': 'Kafka is awesome.', 'author': 'Eve', 'pet': 'dog', 'color': 'gray'}
2025-09-13 21:47:32 | INFO | Sent message to topic 'buzzline_json': {'message': 'Have a great day!', 'author': 'Diana', 'pet': 'rabbit', 'color': 'red'}
2025-09-13 21:47:33 | INFO | Sent message to topic 'buzzline_json': {'message': 'Buzz messages for everyone.', 'author': 'Charlie', 'pet': 'bird', 'color': 'gray'}
2025-09-13 21:47:34 | INFO | Sent message to topic 'buzzline_json': {'message': 'This is a buzz message.', 'author': 'Charlie', 'pet': 'bird', 'color': 'gray'}
2025-09-13 21:47:35 | INFO | Sent message to topic 'buzzline_json': {'message': 'Streaming data is fun.', 'author': 'Alice', 'pet': 'goat', 'color': 'red'}
2025-09-13 21:47:36 | INFO | Sent message to topic 'buzzline_json': {'message': 'Hello, Kafka world!', 'author': 'Diana', 'pet': 'gerbil', 'color': 'black'}
2025-09-13 21:47:37 | INFO | Sent message to topic 'buzzline_json': {'message': 'Kafka is awesome.', 'author': 'Bob', 'pet': 'goat', 'color': 'orange'}
2025-09-13 21:47:38 | INFO | Sent message to topic 'buzzline_json': {'message': 'I love Python!', 'author': 'Eve', 'pet': 'rabbit', 'color': 'orange'}
2025-09-13 21:47:39 | INFO | Sent message to topic 'buzzline_json': {'message': 'JSON makes life easier.', 'author': 'Charlie', 'pet': 'dog', 'color': 'black'}
2025-09-13 21:47:40 | INFO | Sent message to topic 'buzzline_json': {'message': 'I love Python!', 'author': 'Charlie', 'pet': 'horse', 'color': 'gray'}
2025-09-13 21:47:41 | INFO | Sent message to topic 'buzzline_json': {'message': 'I love Python!', 'author': 'Charlie', 'pet': 'dog', 'color': 'red'}
2025-09-13 21:47:42 | INFO | Sent message to topic 'buzzline_json': {'message': 'I love Python!', 'author': 'Diana', 'pet': 'goat', 'color': 'black'}
2025-09-13 21:47:43 | INFO | Sent message to topic 'buzzline_json': {'message': 'Streaming data is fun.', 'author': 'Diana', 'pet': 'bird', 'color': 'brown'}
2025-09-13 21:47:44 | INFO | Sent message to topic 'buzzline_json': {'message': 'Data engineering is my passion.', 'author': 'Eve', 'pet': 'horse', 'color': 'cream'}
2025-09-13 21:47:45 | INFO | Sent message to topic 'buzzline_json': {'message': 'Buzz messages for everyone.', 'author': 'Eve', 'pet': 'dog', 'color': 'red'}
2025-09-13 21:47:46 | INFO | Sent message to topic 'buzzline_json': {'message': 'JSON makes life easier.', 'author': 'Eve', 'pet': 'gerbil', 'color': 'white'}
2025-09-13 21:47:47 | INFO | Sent message to topic 'buzzline_json': {'message': 'Have a great day!', 'author': 'Alice', 'pet': 'dog', 'color': 'orange'}
2025-09-13 21:47:48 | INFO | Sent message to topic 'buzzline_json': {'message': 'I love Python!', 'author': 'Bob', 'pet': 'cat', 'color': 'blue'}
2025-09-13 21:47:49 | INFO | Sent message to topic 'buzzline_json': {'message': 'I love Python!', 'author': 'Bob', 'pet': 'bird', 'color': 'orange'}
2025-09-13 21:47:50 | INFO | Sent message to topic 'buzzline_json': {'message': 'This is a buzz message.', 'author': 'Eve', 'pet': 'gerbil', 'color': 'black'}
2025-09-13 21:47:51 | INFO | Sent message to topic 'buzzline_json': {'message': 'This is a buzz message.', 'author': 'Alice', 'pet': 'bird', 'color': 'red'}
2025-09-13 21:47:52 | INFO | Sent message to topic 'buzzline_json': {'message': 'Distributed systems are fascinating.', 'author': 'Diana', 'pet': 'goat', 'color': 'orange'}
2025-09-13 21:47:53 | INFO | Sent message to topic 'buzzline_json': {'message': 'Streaming data is fun.', 'author': 'Eve', 'pet': 'goat', 'color': 'orange'}
2025-09-13 21:47:54 | INFO | Sent message to topic 'buzzline_json': {'message': 'Have a great day!', 'author': 'Charlie', 'pet': 'bird', 'color': 'gray'}
2025-09-13 21:47:55 | INFO | Sent message to topic 'buzzline_json': {'message': 'JSON makes life easier.', 'author': 'Eve', 'pet': 'rabbit', 'color': 'white'}
2025-09-13 21:47:56 | INFO | Sent message to topic 'buzzline_json': {'message': 'Buzz messages for everyone.', 'author': 'Diana', 'pet': 'cat', 'color': 'cream'}
2025-09-13 21:47:57 | INFO | Sent message to topic 'buzzline_json': {'message': 'This is a buzz message.', 'author': 'Charlie', 'pet': 'bird', 'color': 'red'}
2025-09-13 21:47:58 | INFO | Sent message to topic 'buzzline_json': {'message': 'Distributed systems are fascinating.', 'author': 'Charlie', 'pet': 'goat', 'color': 'gray'}
2025-09-13 21:47:59 | INFO | Sent message to topic 'buzzline_json': {'message': 'Buzz messages for everyone.', 'author': 'Bob', 'pet': 'bird', 'color': 'white'}
2025-09-13 21:48:00 | INFO | Sent message to topic 'buzzline_json': {'message': 'This is a buzz message.', 'author': 'Eve', 'pet': 'rabbit', 'color': 'orange'}
2025-09-13 21:48:01 | INFO | Sent message to topic 'buzzline_json': {'message': 'Data engineering is my passion.', 'author': 'Diana', 'pet': 'goat', 'color': 'white'}
2025-09-13 21:48:02 | INFO | Sent message to topic 'buzzline_json': {'message': 'Data engineering is my passion.', 'author': 'Alice', 'pet': 'horse', 'color': 'brown'}
2025-09-13 21:48:03 | INFO | Sent message to topic 'buzzline_json': {'message': 'Buzz messages for everyone.', 'author': 'Diana', 'pet': 'bird', 'color': 'orange'}
2025-09-13 21:48:04 | INFO | Sent message to topic 'buzzline_json': {'message': 'JSON makes life easier.', 'author': 'Alice', 'pet': 'dog', 'color': 'white'}
2025-09-13 21:48:05 | INFO | Opening data file in read mode: PROJECT_ROOT/data/buzz.json
2025-09-13 21:48:05 | INFO | Reading data from file: PROJECT_ROOT/data/buzz.json
2025-09-13 21:48:05 | INFO | Sent message to topic 'buzzline_json': {'message': 'Data engineering is my passion.', 'author': 'Eve', 'pet': 'gerbil', 'color': 'orange'}
2025-09-13 21:48:06 | INFO | Sent message to topic 'buzzline_json': {'message': 'Distributed systems are fascinating.', 'author': 'Alice', 'pet': 'gerbil', 'color': 'red'}
2025-09-13 21:48:07 | INFO | Logging to file: logs/project_log.log
2025-09-13 21:48:07 | INFO | Log sanitization enabled, personal info removed
2025-09-13 21:48:07 | INFO | Project root: PROJECT_ROOT
2025-09-13 21:48:07 | INFO | Data folder: PROJECT_ROOT/data
2025-09-13 21:48:07 | INFO | Data file: PROJECT_ROOT/data/pool_temps.csv
2025-09-13 21:48:07 | INFO | START producer.
2025-09-13 21:48:07 | INFO | Kafka broker address: localhost:9092
2025-09-13 21:48:07 | INFO | Kafka is ready. Brokers: {'throttle_time_ms': 0, 'brokers': [{'node_id': 1, 'host': 'localhost', 'port': 9092, 'rack': None}], 'cluster_id': 'zJ62-SIKSqi5x7SKZvUAXA', 'controller_id': 1}
2025-09-13 21:48:07 | INFO | Kafka topic: unknown_topic
2025-09-13 21:48:07 | INFO | Message interval: 1 seconds
2025-09-13 21:48:07 | ERROR | Data file not found: PROJECT_ROOT/data/pool_temps.csv. Exiting.
2025-09-13 21:48:07 | INFO | Sent message to topic 'buzzline_json': {'message': 'Have a great day!', 'author': 'Charlie', 'pet': 'goat', 'color': 'orange'}
2025-09-13 21:48:08 | INFO | Sent message to topic 'buzzline_json': {'message': 'Data engineering is my passion.', 'author': 'Alice', 'pet': 'horse', 'color': 'black'}
2025-09-13 21:48:09 | INFO | Sent message to topic 'buzzline_json': {'message': 'Distributed systems are fascinating.', 'author': 'Diana', 'pet': 'hamster', 'color': 'black'}
2025-09-13 21:48:10 | INFO | Sent message to topic 'buzzline_json': {'message': 'Buzz messages for everyone.', 'author': 'Alice', 'pet': 'rabbit', 'color': 'cream'}
2025-09-13 21:48:11 | INFO | Sent message to topic 'buzzline_json': {'message': 'Hello, Kafka world!', 'author': 'Diana', 'pet': 'hamster', 'color': 'white'}
2025-09-13 21:48:12 | INFO | Sent message to topic 'buzzline_json': {'message': 'This is a buzz message.', 'author': 'Eve', 'pet': 'hamster', 'color': 'black'}
2025-09-13 21:48:13 | INFO | Sent message to topic 'buzzline_json': {'message': 'JSON makes life easier.', 'author': 'Eve', 'pet': 'hamster', 'color': 'blue'}
2025-09-13 21:48:14 | INFO | Sent message to topic 'buzzline_json': {'message': 'JSON makes life easier.', 'author': 'Alice', 'pet': 'bird', 'color': 'gray'}
2025-09-13 21:48:15 | INFO | Sent message to topic 'buzzline_json': {'message': 'Data engineering is my passion.', 'author': 'Diana', 'pet': 'goat', 'color': 'red'}
2025-09-13 21:48:16 | INFO | Sent message to topic 'buzzline_json': {'message': 'JSON makes life easier.', 'author': 'Diana', 'pet': 'rabbit', 'color': 'white'}
2025-09-13 21:48:17 | INFO | Sent message to topic 'buzzline_json': {'message': 'Kafka is awesome.', 'author': 'Charlie', 'pet': 'rabbit', 'color': 'blue'}
2025-09-13 21:48:18 | INFO | Sent message to topic 'buzzline_json': {'message': 'JSON makes life easier.', 'author': 'Bob', 'pet': 'horse', 'color': 'blue'}
2025-09-13 21:48:20 | INFO | Sent message to topic 'buzzline_json': {'message': 'I love Python!', 'author': 'Bob', 'pet': 'goat', 'color': 'brown'}
2025-09-13 21:48:21 | INFO | Sent message to topic 'buzzline_json': {'message': 'This is a buzz message.', 'author': 'Eve', 'pet': 'dog', 'color': 'cream'}
2025-09-13 21:48:22 | INFO | Sent message to topic 'buzzline_json': {'message': 'I love Python!', 'author': 'Eve', 'pet': 'goat', 'color': 'black'}
2025-09-13 21:48:23 | INFO | Sent message to topic 'buzzline_json': {'message': 'Buzz messages for everyone.', 'author': 'Alice', 'pet': 'goat', 'color': 'white'}
2025-09-13 21:48:24 | INFO | Sent message to topic 'buzzline_json': {'message': 'This is a buzz message.', 'author': 'Alice', 'pet': 'horse', 'color': 'brown'}
2025-09-13 21:48:25 | INFO | Sent message to topic 'buzzline_json': {'message': 'Data engineering is my passion.', 'author': 'Diana', 'pet': 'gerbil', 'color': 'black'}
2025-09-13 21:48:26 | INFO | Sent message to topic 'buzzline_json': {'message': 'I love Python!', 'author': 'Eve', 'pet': 'hamster', 'color': 'black'}
2025-09-13 21:48:27 | INFO | Sent message to topic 'buzzline_json': {'message': 'JSON makes life easier.', 'author': 'Charlie', 'pet': 'gerbil', 'color': 'orange'}
2025-09-13 21:48:28 | INFO | Sent message to topic 'buzzline_json': {'message': 'Have a great day!', 'author': 'Bob', 'pet': 'hamster', 'color': 'cream'}
2025-09-13 21:48:29 | INFO | Sent message to topic 'buzzline_json': {'message': 'Data engineering is my passion.', 'author': 'Alice', 'pet': 'rabbit', 'color': 'white'}
2025-09-13 21:48:30 | INFO | Sent message to topic 'buzzline_json': {'message': 'Kafka is awesome.', 'author': 'Diana', 'pet': 'gerbil', 'color': 'white'}
2025-09-13 21:48:31 | INFO | Sent message to topic 'buzzline_json': {'message': 'Kafka is awesome.', 'author': 'Diana', 'pet': 'goat', 'color': 'red'}
2025-09-13 21:48:32 | INFO | Sent message to topic 'buzzline_json': {'message': 'Hello, Kafka world!', 'author': 'Bob', 'pet': 'cat', 'color': 'blue'}
2025-09-13 21:48:33 | INFO | Sent message to topic 'buzzline_json': {'message': 'Distributed systems are fascinating.', 'author': 'Diana', 'pet': 'rabbit', 'color': 'white'}
2025-09-13 21:48:34 | INFO | Sent message to topic 'buzzline_json': {'message': 'I love Python!', 'author': 'Diana', 'pet': 'hamster', 'color': 'brown'}
2025-09-13 21:48:35 | INFO | Sent message to topic 'buzzline_json': {'message': 'Have a great day!', 'author': 'Alice', 'pet': 'gerbil', 'color': 'blue'}
